{"meta": {"format": 3, "version": "7.13.5", "timestamp": "2026-04-06T20:58:30.114328", "branch_coverage": false, "show_contexts": false}, "files": {"psg/__init__.py": {"executed_lines": [1, 2], "summary": {"covered_lines": 2, "num_statements": 2, "percent_covered": 100.0, "percent_covered_display": "100", "missing_lines": 0, "excluded_lines": 0, "percent_statements_covered": 100.0, "percent_statements_covered_display": "100"}, "missing_lines": [], "excluded_lines": [], "functions": {"": {"executed_lines": [1, 2], "summary": {"covered_lines": 2, "num_statements": 2, "percent_covered": 100.0, "percent_covered_display": "100", "missing_lines": 0, "excluded_lines": 0, "percent_statements_covered": 100.0, "percent_statements_covered_display": "100"}, "missing_lines": [], "excluded_lines": [], "start_line": 1}}, "classes": {"": {"executed_lines": [1, 2], "summary": {"covered_lines": 2, "num_statements": 2, "percent_covered": 100.0, "percent_covered_display": "100", "missing_lines": 0, "excluded_lines": 0, "percent_statements_covered": 100.0, "percent_statements_covered_display": "100"}, "missing_lines": [], "excluded_lines": [], "start_line": 1}}}, "psg/__main__.py": {"executed_lines": [1, 3, 4, 6, 7, 8, 9, 10, 11, 14, 15, 16, 18, 19, 21, 22, 23, 24, 25, 27, 28, 29, 30, 31, 32, 33, 34, 35, 36, 37, 38, 40, 41, 42, 43, 44, 45, 47, 48, 49, 50, 51, 53, 54, 56, 57, 59, 62, 63, 64, 67, 68, 69, 73, 74, 75, 76, 77, 80, 89, 90, 92, 93, 109, 165, 197], "summary": {"covered_lines": 66, "num_statements": 157, "percent_covered": 42.038216560509554, "percent_covered_display": "42", "missing_lines": 91, "excluded_lines": 0, "percent_statements_covered": 42.038216560509554, "percent_statements_covered_display": "42"}, "missing_lines": [70, 71, 78, 79, 82, 83, 84, 85, 86, 87, 88, 91, 94, 95, 96, 97, 98, 99, 100, 101, 102, 103, 105, 106, 111, 112, 114, 115, 116, 117, 119, 120, 121, 122, 123, 124, 125, 126, 127, 128, 131, 132, 133, 134, 135, 136, 137, 138, 139, 140, 141, 143, 144, 145, 147, 148, 149, 151, 152, 153, 154, 155, 157, 159, 160, 161, 162, 167, 168, 170, 171, 173, 174, 175, 176, 177, 178, 180, 181, 182, 183, 184, 185, 187, 188, 189, 190, 191, 192, 194, 198], "excluded_lines": [], "functions": {"build_parser": {"executed_lines": [15, 16, 18, 19, 21, 22, 23, 24, 25, 27, 28, 29, 30, 31, 32, 33, 34, 35, 36, 37, 38, 40, 41, 42, 43, 44, 45, 47, 48, 49, 50, 51, 53, 54, 56, 57, 59], "summary": {"covered_lines": 37, "num_statements": 37, "percent_covered": 100.0, "percent_covered_display": "100", "missing_lines": 0, "excluded_lines": 0, "percent_statements_covered": 100.0, "percent_statements_covered_display": "100"}, "missing_lines": [], "excluded_lines": [], "start_line": 14}, "main": {"executed_lines": [63, 64, 67, 68, 69, 73, 74, 75, 76, 77, 80, 89, 90, 92, 93], "summary": {"covered_lines": 15, "num_statements": 39, "percent_covered": 38.46153846153846, "percent_covered_display": "38", "missing_lines": 24, "excluded_lines": 0, "percent_statements_covered": 38.46153846153846, "percent_statements_covered_display": "38"}, "missing_lines": [70, 71, 78, 79, 82, 83, 84, 85, 86, 87, 88, 91, 94, 95, 96, 97, 98, 99, 100, 101, 102, 103, 105, 106], "excluded_lines": [], "start_line": 62}, "_list_catalogs": {"executed_lines": [], "summary": {"covered_lines": 0, "num_statements": 43, "percent_covered": 0.0, "percent_covered_display": "0", "missing_lines": 43, "excluded_lines": 0, "percent_statements_covered": 0.0, "percent_statements_covered_display": "0"}, "missing_lines": [111, 112, 114, 115, 116, 117, 119, 120, 121, 122, 123, 124, 125, 126, 127, 128, 131, 132, 133, 134, 135, 136, 137, 138, 139, 140, 141, 143, 144, 145, 147, 148, 149, 151, 152, 153, 154, 155, 157, 159, 160, 161, 162], "excluded_lines": [], "start_line": 109}, "_list_plugins": {"executed_lines": [], "summary": {"covered_lines": 0, "num_statements": 23, "percent_covered": 0.0, "percent_covered_display": "0", "missing_lines": 23, "excluded_lines": 0, "percent_statements_covered": 0.0, "percent_statements_covered_display": "0"}, "missing_lines": [167, 168, 170, 171, 173, 174, 175, 176, 177, 178, 180, 181, 182, 183, 184, 185, 187, 188, 189, 190, 191, 192, 194], "excluded_lines": [], "start_line": 165}, "": {"executed_lines": [1, 3, 4, 6, 7, 8, 9, 10, 11, 14, 62, 109, 165, 197], "summary": {"covered_lines": 14, "num_statements": 15, "percent_covered": 93.33333333333333, "percent_covered_display": "93", "missing_lines": 1, "excluded_lines": 0, "percent_statements_covered": 93.33333333333333, "percent_statements_covered_display": "93"}, "missing_lines": [198], "excluded_lines": [], "start_line": 1}}, "classes": {"": {"executed_lines": [1, 3, 4, 6, 7, 8, 9, 10, 11, 14, 15, 16, 18, 19, 21, 22, 23, 24, 25, 27, 28, 29, 30, 31, 32, 33, 34, 35, 36, 37, 38, 40, 41, 42, 43, 44, 45, 47, 48, 49, 50, 51, 53, 54, 56, 57, 59, 62, 63, 64, 67, 68, 69, 73, 74, 75, 76, 77, 80, 89, 90, 92, 93, 109, 165, 197], "summary": {"covered_lines": 66, "num_statements": 157, "percent_covered": 42.038216560509554, "percent_covered_display": "42", "missing_lines": 91, "excluded_lines": 0, "percent_statements_covered": 42.038216560509554, "percent_statements_covered_display": "42"}, "missing_lines": [70, 71, 78, 79, 82, 83, 84, 85, 86, 87, 88, 91, 94, 95, 96, 97, 98, 99, 100, 101, 102, 103, 105, 106, 111, 112, 114, 115, 116, 117, 119, 120, 121, 122, 123, 124, 125, 126, 127, 128, 131, 132, 133, 134, 135, 136, 137, 138, 139, 140, 141, 143, 144, 145, 147, 148, 149, 151, 152, 153, 154, 155, 157, 159, 160, 161, 162, 167, 168, 170, 171, 173, 174, 175, 176, 177, 178, 180, 181, 182, 183, 184, 185, 187, 188, 189, 190, 191, 192, 194, 198], "excluded_lines": [], "start_line": 1}}}, "psg/automation/__init__.py": {"executed_lines": [2, 3, 4, 5, 6, 7, 9], "summary": {"covered_lines": 7, "num_statements": 7, "percent_covered": 100.0, "percent_covered_display": "100", "missing_lines": 0, "excluded_lines": 0, "percent_statements_covered": 100.0, "percent_statements_covered_display": "100"}, "missing_lines": [], "excluded_lines": [], "functions": {"": {"executed_lines": [2, 3, 4, 5, 6, 7, 9], "summary": {"covered_lines": 7, "num_statements": 7, "percent_covered": 100.0, "percent_covered_display": "100", "missing_lines": 0, "excluded_lines": 0, "percent_statements_covered": 100.0, "percent_statements_covered_display": "100"}, "missing_lines": [], "excluded_lines": [], "start_line": 1}}, "classes": {"": {"executed_lines": [2, 3, 4, 5, 6, 7, 9], "summary": {"covered_lines": 7, "num_statements": 7, "percent_covered": 100.0, "percent_covered_display": "100", "missing_lines": 0, "excluded_lines": 0, "percent_statements_covered": 100.0, "percent_statements_covered_display": "100"}, "missing_lines": [], "excluded_lines": [], "start_line": 1}}}, "psg/automation/__main__.py": {"executed_lines": [], "summary": {"covered_lines": 0, "num_statements": 3, "percent_covered": 0.0, "percent_covered_display": "0", "missing_lines": 3, "excluded_lines": 0, "percent_statements_covered": 0.0, "percent_statements_covered_display": "0"}, "missing_lines": [2, 4, 5], "excluded_lines": [], "functions": {"": {"executed_lines": [], "summary": {"covered_lines": 0, "num_statements": 3, "percent_covered": 0.0, "percent_covered_display": "0", "missing_lines": 3, "excluded_lines": 0, "percent_statements_covered": 0.0, "percent_statements_covered_display": "0"}, "missing_lines": [2, 4, 5], "excluded_lines": [], "start_line": 1}}, "classes": {"": {"executed_lines": [], "summary": {"covered_lines": 0, "num_statements": 3, "percent_covered": 0.0, "percent_covered_display": "0", "missing_lines": 3, "excluded_lines": 0, "percent_statements_covered": 0.0, "percent_statements_covered_display": "0"}, "missing_lines": [2, 4, 5], "excluded_lines": [], "start_line": 1}}}, "psg/automation/config.py": {"executed_lines": [2, 4, 5, 6, 7, 8, 10, 13, 14, 18, 23, 26, 27, 30, 37, 38, 41, 42, 47, 53, 61, 62, 63, 64, 65, 66, 69, 70, 71, 74, 76, 78, 79, 80, 81, 82, 83, 84, 85, 86, 87, 89, 90, 91, 92, 95, 122, 124, 125, 126, 127, 128, 131], "summary": {"covered_lines": 53, "num_statements": 64, "percent_covered": 82.8125, "percent_covered_display": "83", "missing_lines": 11, "excluded_lines": 0, "percent_statements_covered": 82.8125, "percent_statements_covered_display": "83"}, "missing_lines": [97, 99, 100, 101, 106, 112, 113, 118, 119, 132, 133], "excluded_lines": [], "functions": {"PipelineConfig.__post_init__": {"executed_lines": [78, 79, 80, 81, 82, 83, 84, 85, 86, 87, 89, 90, 91, 92], "summary": {"covered_lines": 14, "num_statements": 14, "percent_covered": 100.0, "percent_covered_display": "100", "missing_lines": 0, "excluded_lines": 0, "percent_statements_covered": 100.0, "percent_statements_covered_display": "100"}, "missing_lines": [], "excluded_lines": [], "start_line": 76}, "validate_environment": {"executed_lines": [], "summary": {"covered_lines": 0, "num_statements": 9, "percent_covered": 0.0, "percent_covered_display": "0", "missing_lines": 9, "excluded_lines": 0, "percent_statements_covered": 0.0, "percent_statements_covered_display": "0"}, "missing_lines": [97, 99, 100, 101, 106, 112, 113, 118, 119], "excluded_lines": [], "start_line": 95}, "load_config": {"executed_lines": [124, 125, 126, 127, 128], "summary": {"covered_lines": 5, "num_statements": 5, "percent_covered": 100.0, "percent_covered_display": "100", "missing_lines": 0, "excluded_lines": 0, "percent_statements_covered": 100.0, "percent_statements_covered_display": "100"}, "missing_lines": [], "excluded_lines": [], "start_line": 122}, "": {"executed_lines": [2, 4, 5, 6, 7, 8, 10, 13, 14, 18, 23, 26, 27, 30, 37, 38, 41, 42, 47, 53, 61, 62, 63, 64, 65, 66, 69, 70, 71, 74, 76, 95, 122, 131], "summary": {"covered_lines": 34, "num_statements": 36, "percent_covered": 94.44444444444444, "percent_covered_display": "94", "missing_lines": 2, "excluded_lines": 0, "percent_statements_covered": 94.44444444444444, "percent_statements_covered_display": "94"}, "missing_lines": [132, 133], "excluded_lines": [], "start_line": 1}}, "classes": {"PipelineConfig": {"executed_lines": [78, 79, 80, 81, 82, 83, 84, 85, 86, 87, 89, 90, 91, 92], "summary": {"covered_lines": 14, "num_statements": 14, "percent_covered": 100.0, "percent_covered_display": "100", "missing_lines": 0, "excluded_lines": 0, "percent_statements_covered": 100.0, "percent_statements_covered_display": "100"}, "missing_lines": [], "excluded_lines": [], "start_line": 14}, "": {"executed_lines": [2, 4, 5, 6, 7, 8, 10, 13, 14, 18, 23, 26, 27, 30, 37, 38, 41, 42, 47, 53, 61, 62, 63, 64, 65, 66, 69, 70, 71, 74, 76, 95, 122, 124, 125, 126, 127, 128, 131], "summary": {"covered_lines": 39, "num_statements": 50, "percent_covered": 78.0, "percent_covered_display": "78", "missing_lines": 11, "excluded_lines": 0, "percent_statements_covered": 78.0, "percent_statements_covered_display": "78"}, "missing_lines": [97, 99, 100, 101, 106, 112, 113, 118, 119, 132, 133], "excluded_lines": [], "start_line": 1}}}, "psg/automation/daily_check.py": {"executed_lines": [], "summary": {"covered_lines": 0, "num_statements": 31, "percent_covered": 0.0, "percent_covered_display": "0", "missing_lines": 31, "excluded_lines": 0, "percent_statements_covered": 0.0, "percent_statements_covered_display": "0"}, "missing_lines": [3, 4, 5, 7, 9, 11, 13, 14, 15, 16, 18, 20, 22, 23, 24, 26, 27, 28, 29, 31, 33, 34, 35, 36, 37, 38, 39, 41, 42, 44, 45], "excluded_lines": [], "functions": {"check": {"executed_lines": [], "summary": {"covered_lines": 0, "num_statements": 6, "percent_covered": 0.0, "percent_covered_display": "0", "missing_lines": 6, "excluded_lines": 0, "percent_statements_covered": 0.0, "percent_statements_covered_display": "0"}, "missing_lines": [11, 13, 14, 15, 16, 18], "excluded_lines": [], "start_line": 9}, "mark": {"executed_lines": [], "summary": {"covered_lines": 0, "num_statements": 3, "percent_covered": 0.0, "percent_covered_display": "0", "missing_lines": 3, "excluded_lines": 0, "percent_statements_covered": 0.0, "percent_statements_covered_display": "0"}, "missing_lines": [22, 23, 24], "excluded_lines": [], "start_line": 20}, "main": {"executed_lines": [], "summary": {"covered_lines": 0, "num_statements": 13, "percent_covered": 0.0, "percent_covered_display": "0", "missing_lines": 13, "excluded_lines": 0, "percent_statements_covered": 0.0, "percent_statements_covered_display": "0"}, "missing_lines": [27, 28, 29, 31, 33, 34, 35, 36, 37, 38, 39, 41, 42], "excluded_lines": [], "start_line": 26}, "": {"executed_lines": [], "summary": {"covered_lines": 0, "num_statements": 9, "percent_covered": 0.0, "percent_covered_display": "0", "missing_lines": 9, "excluded_lines": 0, "percent_statements_covered": 0.0, "percent_statements_covered_display": "0"}, "missing_lines": [3, 4, 5, 7, 9, 20, 26, 44, 45], "excluded_lines": [], "start_line": 1}}, "classes": {"": {"executed_lines": [], "summary": {"covered_lines": 0, "num_statements": 31, "percent_covered": 0.0, "percent_covered_display": "0", "missing_lines": 31, "excluded_lines": 0, "percent_statements_covered": 0.0, "percent_statements_covered_display": "0"}, "missing_lines": [3, 4, 5, 7, 9, 11, 13, 14, 15, 16, 18, 20, 22, 23, 24, 26, 27, 28, 29, 31, 33, 34, 35, 36, 37, 38, 39, 41, 42, 44, 45], "excluded_lines": [], "start_line": 1}}}, "psg/automation/dedup.py": {"executed_lines": [2, 4, 5, 6, 9, 11, 14, 17, 18, 19, 20, 21, 22, 24, 26, 34, 39, 43, 45, 46, 48, 49, 50, 51, 52, 54, 67, 69, 71, 72, 74, 78], "summary": {"covered_lines": 32, "num_statements": 63, "percent_covered": 50.79365079365079, "percent_covered_display": "51", "missing_lines": 31, "excluded_lines": 0, "percent_statements_covered": 50.79365079365079, "percent_statements_covered_display": "51"}, "missing_lines": [27, 28, 29, 30, 31, 32, 36, 37, 41, 47, 56, 57, 58, 59, 60, 61, 62, 63, 64, 65, 70, 75, 80, 81, 82, 83, 84, 85, 86, 87, 88], "excluded_lines": [], "functions": {"hash_text": {"executed_lines": [11], "summary": {"covered_lines": 1, "num_statements": 1, "percent_covered": 100.0, "percent_covered_display": "100", "missing_lines": 0, "excluded_lines": 0, "percent_statements_covered": 100.0, "percent_statements_covered_display": "100"}, "missing_lines": [], "excluded_lines": [], "start_line": 9}, "DeduplicationStore.__init__": {"executed_lines": [18, 19, 20, 21, 22], "summary": {"covered_lines": 5, "num_statements": 5, "percent_covered": 100.0, "percent_covered_display": "100", "missing_lines": 0, "excluded_lines": 0, "percent_statements_covered": 100.0, "percent_statements_covered_display": "100"}, "missing_lines": [], "excluded_lines": [], "start_line": 17}, "DeduplicationStore._load": {"executed_lines": [26], "summary": {"covered_lines": 1, "num_statements": 7, "percent_covered": 14.285714285714286, "percent_covered_display": "14", "missing_lines": 6, "excluded_lines": 0, "percent_statements_covered": 14.285714285714286, "percent_statements_covered_display": "14"}, "missing_lines": [27, 28, 29, 30, 31, 32], "excluded_lines": [], "start_line": 24}, "DeduplicationStore._save": {"executed_lines": [], "summary": {"covered_lines": 0, "num_statements": 2, "percent_covered": 0.0, "percent_covered_display": "0", "missing_lines": 2, "excluded_lines": 0, "percent_statements_covered": 0.0, "percent_statements_covered_display": "0"}, "missing_lines": [36, 37], "excluded_lines": [], "start_line": 34}, "DeduplicationStore.is_known": {"executed_lines": [], "summary": {"covered_lines": 0, "num_statements": 1, "percent_covered": 0.0, "percent_covered_display": "0", "missing_lines": 1, "excluded_lines": 0, "percent_statements_covered": 0.0, "percent_statements_covered_display": "0"}, "missing_lines": [41], "excluded_lines": [], "start_line": 39}, "DeduplicationStore.add": {"executed_lines": [45, 46, 48, 49, 50, 51, 52], "summary": {"covered_lines": 7, "num_statements": 8, "percent_covered": 87.5, "percent_covered_display": "88", "missing_lines": 1, "excluded_lines": 0, "percent_statements_covered": 87.5, "percent_statements_covered_display": "88"}, "missing_lines": [47], "excluded_lines": [], "start_line": 43}, "DeduplicationStore.add_many": {"executed_lines": [], "summary": {"covered_lines": 0, "num_statements": 10, "percent_covered": 0.0, "percent_covered_display": "0", "missing_lines": 10, "excluded_lines": 0, "percent_statements_covered": 0.0, "percent_statements_covered_display": "0"}, "missing_lines": [56, 57, 58, 59, 60, 61, 62, 63, 64, 65], "excluded_lines": [], "start_line": 54}, "DeduplicationStore.flush": {"executed_lines": [69, 71, 72], "summary": {"covered_lines": 3, "num_statements": 4, "percent_covered": 75.0, "percent_covered_display": "75", "missing_lines": 1, "excluded_lines": 0, "percent_statements_covered": 75.0, "percent_statements_covered_display": "75"}, "missing_lines": [70], "excluded_lines": [], "start_line": 67}, "DeduplicationStore.__len__": {"executed_lines": [], "summary": {"covered_lines": 0, "num_statements": 1, "percent_covered": 0.0, "percent_covered_display": "0", "missing_lines": 1, "excluded_lines": 0, "percent_statements_covered": 0.0, "percent_statements_covered_display": "0"}, "missing_lines": [75], "excluded_lines": [], "start_line": 74}, "": {"executed_lines": [2, 4, 5, 6, 9, 14, 17, 24, 34, 39, 43, 54, 67, 74, 78], "summary": {"covered_lines": 15, "num_statements": 24, "percent_covered": 62.5, "percent_covered_display": "62", "missing_lines": 9, "excluded_lines": 0, "percent_statements_covered": 62.5, "percent_statements_covered_display": "62"}, "missing_lines": [80, 81, 82, 83, 84, 85, 86, 87, 88], "excluded_lines": [], "start_line": 1}}, "classes": {"DeduplicationStore": {"executed_lines": [18, 19, 20, 21, 22, 26, 45, 46, 48, 49, 50, 51, 52, 69, 71, 72], "summary": {"covered_lines": 16, "num_statements": 38, "percent_covered": 42.10526315789474, "percent_covered_display": "42", "missing_lines": 22, "excluded_lines": 0, "percent_statements_covered": 42.10526315789474, "percent_statements_covered_display": "42"}, "missing_lines": [27, 28, 29, 30, 31, 32, 36, 37, 41, 47, 56, 57, 58, 59, 60, 61, 62, 63, 64, 65, 70, 75], "excluded_lines": [], "start_line": 14}, "": {"executed_lines": [2, 4, 5, 6, 9, 11, 14, 17, 24, 34, 39, 43, 54, 67, 74, 78], "summary": {"covered_lines": 16, "num_statements": 25, "percent_covered": 64.0, "percent_covered_display": "64", "missing_lines": 9, "excluded_lines": 0, "percent_statements_covered": 64.0, "percent_statements_covered_display": "64"}, "missing_lines": [80, 81, 82, 83, 84, 85, 86, 87, 88], "excluded_lines": [], "start_line": 1}}}, "psg/automation/discovery.py": {"executed_lines": [2, 4, 5, 6, 7, 8, 9, 10, 12, 13, 14, 15, 18, 19, 21, 22, 23, 24, 25, 27, 37, 40, 60, 108, 116, 173, 176, 185, 234, 246], "summary": {"covered_lines": 30, "num_statements": 156, "percent_covered": 19.23076923076923, "percent_covered_display": "19", "missing_lines": 126, "excluded_lines": 0, "percent_statements_covered": 19.23076923076923, "percent_statements_covered_display": "19"}, "missing_lines": [28, 42, 43, 44, 45, 46, 47, 48, 49, 50, 51, 52, 53, 54, 55, 56, 57, 62, 63, 65, 67, 68, 80, 81, 82, 83, 86, 87, 88, 89, 90, 92, 94, 95, 96, 97, 98, 99, 100, 101, 102, 104, 110, 111, 112, 113, 118, 119, 120, 122, 123, 129, 130, 131, 132, 133, 134, 135, 138, 139, 140, 141, 142, 144, 145, 146, 147, 148, 150, 151, 152, 154, 155, 156, 158, 159, 160, 162, 163, 164, 165, 166, 167, 168, 170, 181, 182, 183, 187, 188, 190, 191, 193, 194, 195, 196, 197, 199, 201, 202, 205, 206, 207, 209, 210, 211, 213, 220, 221, 223, 224, 226, 227, 228, 230, 231, 232, 236, 241, 242, 243, 247, 249, 250, 251, 252], "excluded_lines": [], "functions": {"Source.to_dict": {"executed_lines": [], "summary": {"covered_lines": 0, "num_statements": 1, "percent_covered": 0.0, "percent_covered_display": "0", "missing_lines": 1, "excluded_lines": 0, "percent_statements_covered": 0.0, "percent_statements_covered_display": "0"}, "missing_lines": [28], "excluded_lines": [], "start_line": 27}, "retry": {"executed_lines": [], "summary": {"covered_lines": 0, "num_statements": 2, "percent_covered": 0.0, "percent_covered_display": "0", "missing_lines": 2, "excluded_lines": 0, "percent_statements_covered": 0.0, "percent_statements_covered_display": "0"}, "missing_lines": [42, 57], "excluded_lines": [], "start_line": 40}, "retry.decorator": {"executed_lines": [], "summary": {"covered_lines": 0, "num_statements": 2, "percent_covered": 0.0, "percent_covered_display": "0", "missing_lines": 2, "excluded_lines": 0, "percent_statements_covered": 0.0, "percent_statements_covered_display": "0"}, "missing_lines": [43, 56], "excluded_lines": [], "start_line": 42}, "retry.decorator.wrapper": {"executed_lines": [], "summary": {"covered_lines": 0, "num_statements": 12, "percent_covered": 0.0, "percent_covered_display": "0", "missing_lines": 12, "excluded_lines": 0, "percent_statements_covered": 0.0, "percent_statements_covered_display": "0"}, "missing_lines": [44, 45, 46, 47, 48, 49, 50, 51, 52, 53, 54, 55], "excluded_lines": [], "start_line": 43}, "create_search_func": {"executed_lines": [], "summary": {"covered_lines": 0, "num_statements": 3, "percent_covered": 0.0, "percent_covered_display": "0", "missing_lines": 3, "excluded_lines": 0, "percent_statements_covered": 0.0, "percent_statements_covered_display": "0"}, "missing_lines": [62, 63, 104], "excluded_lines": [], "start_line": 60}, "create_search_func.search_func": {"executed_lines": [], "summary": {"covered_lines": 0, "num_statements": 22, "percent_covered": 0.0, "percent_covered_display": "0", "missing_lines": 22, "excluded_lines": 0, "percent_statements_covered": 0.0, "percent_statements_covered_display": "0"}, "missing_lines": [65, 67, 68, 80, 81, 82, 83, 86, 87, 88, 89, 90, 92, 94, 95, 96, 97, 98, 99, 100, 101, 102], "excluded_lines": [], "start_line": 63}, "default_search_func": {"executed_lines": [], "summary": {"covered_lines": 0, "num_statements": 4, "percent_covered": 0.0, "percent_covered_display": "0", "missing_lines": 4, "excluded_lines": 0, "percent_statements_covered": 0.0, "percent_statements_covered_display": "0"}, "missing_lines": [110, 111, 112, 113], "excluded_lines": [], "start_line": 108}, "fetch_page_content": {"executed_lines": [], "summary": {"covered_lines": 0, "num_statements": 30, "percent_covered": 0.0, "percent_covered_display": "0", "missing_lines": 30, "excluded_lines": 0, "percent_statements_covered": 0.0, "percent_statements_covered_display": "0"}, "missing_lines": [118, 119, 120, 122, 123, 129, 130, 131, 132, 133, 134, 135, 138, 139, 140, 141, 142, 144, 145, 150, 154, 158, 162, 163, 164, 165, 166, 167, 168, 170], "excluded_lines": [], "start_line": 116}, "fetch_page_content.TextExtractor.__init__": {"executed_lines": [], "summary": {"covered_lines": 0, "num_statements": 3, "percent_covered": 0.0, "percent_covered_display": "0", "missing_lines": 3, "excluded_lines": 0, "percent_statements_covered": 0.0, "percent_statements_covered_display": "0"}, "missing_lines": [146, 147, 148], "excluded_lines": [], "start_line": 145}, "fetch_page_content.TextExtractor.handle_starttag": {"executed_lines": [], "summary": {"covered_lines": 0, "num_statements": 2, "percent_covered": 0.0, "percent_covered_display": "0", "missing_lines": 2, "excluded_lines": 0, "percent_statements_covered": 0.0, "percent_statements_covered_display": "0"}, "missing_lines": [151, 152], "excluded_lines": [], "start_line": 150}, "fetch_page_content.TextExtractor.handle_endtag": {"executed_lines": [], "summary": {"covered_lines": 0, "num_statements": 2, "percent_covered": 0.0, "percent_covered_display": "0", "missing_lines": 2, "excluded_lines": 0, "percent_statements_covered": 0.0, "percent_statements_covered_display": "0"}, "missing_lines": [155, 156], "excluded_lines": [], "start_line": 154}, "fetch_page_content.TextExtractor.handle_data": {"executed_lines": [], "summary": {"covered_lines": 0, "num_statements": 2, "percent_covered": 0.0, "percent_covered_display": "0", "missing_lines": 2, "excluded_lines": 0, "percent_statements_covered": 0.0, "percent_statements_covered_display": "0"}, "missing_lines": [159, 160], "excluded_lines": [], "start_line": 158}, "DiscoveryEngine.__init__": {"executed_lines": [], "summary": {"covered_lines": 0, "num_statements": 3, "percent_covered": 0.0, "percent_covered_display": "0", "missing_lines": 3, "excluded_lines": 0, "percent_statements_covered": 0.0, "percent_statements_covered_display": "0"}, "missing_lines": [181, 182, 183], "excluded_lines": [], "start_line": 176}, "DiscoveryEngine.discover": {"executed_lines": [], "summary": {"covered_lines": 0, "num_statements": 29, "percent_covered": 0.0, "percent_covered_display": "0", "missing_lines": 29, "excluded_lines": 0, "percent_statements_covered": 0.0, "percent_statements_covered_display": "0"}, "missing_lines": [187, 188, 190, 191, 193, 194, 195, 196, 197, 199, 201, 202, 205, 206, 207, 209, 210, 211, 213, 220, 221, 223, 224, 226, 227, 228, 230, 231, 232], "excluded_lines": [], "start_line": 185}, "DiscoveryEngine.save_sources": {"executed_lines": [], "summary": {"covered_lines": 0, "num_statements": 4, "percent_covered": 0.0, "percent_covered_display": "0", "missing_lines": 4, "excluded_lines": 0, "percent_statements_covered": 0.0, "percent_statements_covered_display": "0"}, "missing_lines": [236, 241, 242, 243], "excluded_lines": [], "start_line": 234}, "": {"executed_lines": [2, 4, 5, 6, 7, 8, 9, 10, 12, 13, 14, 15, 18, 19, 21, 22, 23, 24, 25, 27, 37, 40, 60, 108, 116, 173, 176, 185, 234, 246], "summary": {"covered_lines": 30, "num_statements": 35, "percent_covered": 85.71428571428571, "percent_covered_display": "86", "missing_lines": 5, "excluded_lines": 0, "percent_statements_covered": 85.71428571428571, "percent_statements_covered_display": "86"}, "missing_lines": [247, 249, 250, 251, 252], "excluded_lines": [], "start_line": 1}}, "classes": {"Source": {"executed_lines": [], "summary": {"covered_lines": 0, "num_statements": 1, "percent_covered": 0.0, "percent_covered_display": "0", "missing_lines": 1, "excluded_lines": 0, "percent_statements_covered": 0.0, "percent_statements_covered_display": "0"}, "missing_lines": [28], "excluded_lines": [], "start_line": 19}, "fetch_page_content.TextExtractor": {"executed_lines": [], "summary": {"covered_lines": 0, "num_statements": 9, "percent_covered": 0.0, "percent_covered_display": "0", "missing_lines": 9, "excluded_lines": 0, "percent_statements_covered": 0.0, "percent_statements_covered_display": "0"}, "missing_lines": [146, 147, 148, 151, 152, 155, 156, 159, 160], "excluded_lines": [], "start_line": 144}, "DiscoveryEngine": {"executed_lines": [], "summary": {"covered_lines": 0, "num_statements": 36, "percent_covered": 0.0, "percent_covered_display": "0", "missing_lines": 36, "excluded_lines": 0, "percent_statements_covered": 0.0, "percent_statements_covered_display": "0"}, "missing_lines": [181, 182, 183, 187, 188, 190, 191, 193, 194, 195, 196, 197, 199, 201, 202, 205, 206, 207, 209, 210, 211, 213, 220, 221, 223, 224, 226, 227, 228, 230, 231, 232, 236, 241, 242, 243], "excluded_lines": [], "start_line": 173}, "": {"executed_lines": [2, 4, 5, 6, 7, 8, 9, 10, 12, 13, 14, 15, 18, 19, 21, 22, 23, 24, 25, 27, 37, 40, 60, 108, 116, 173, 176, 185, 234, 246], "summary": {"covered_lines": 30, "num_statements": 110, "percent_covered": 27.272727272727273, "percent_covered_display": "27", "missing_lines": 80, "excluded_lines": 0, "percent_statements_covered": 27.272727272727273, "percent_statements_covered_display": "27"}, "missing_lines": [42, 43, 44, 45, 46, 47, 48, 49, 50, 51, 52, 53, 54, 55, 56, 57, 62, 63, 65, 67, 68, 80, 81, 82, 83, 86, 87, 88, 89, 90, 92, 94, 95, 96, 97, 98, 99, 100, 101, 102, 104, 110, 111, 112, 113, 118, 119, 120, 122, 123, 129, 130, 131, 132, 133, 134, 135, 138, 139, 140, 141, 142, 144, 145, 150, 154, 158, 162, 163, 164, 165, 166, 167, 168, 170, 247, 249, 250, 251, 252], "excluded_lines": [], "start_line": 1}}}, "psg/automation/generator.py": {"executed_lines": [2, 4, 5, 6, 7, 8, 9, 11, 12, 13, 16, 17, 19, 20, 21, 22, 23, 24, 26, 37, 40, 74, 91, 94, 104, 110, 154, 189, 200, 214, 226], "summary": {"covered_lines": 31, "num_statements": 122, "percent_covered": 25.40983606557377, "percent_covered_display": "25", "missing_lines": 91, "excluded_lines": 0, "percent_statements_covered": 25.40983606557377, "percent_statements_covered_display": "25"}, "missing_lines": [27, 42, 43, 45, 46, 53, 59, 60, 61, 63, 64, 65, 66, 67, 68, 69, 70, 71, 99, 100, 101, 102, 106, 107, 108, 112, 118, 119, 120, 122, 124, 126, 127, 128, 129, 130, 133, 134, 135, 136, 137, 139, 146, 147, 149, 150, 152, 156, 159, 165, 166, 167, 168, 169, 170, 171, 172, 173, 176, 177, 178, 179, 180, 181, 182, 183, 186, 187, 191, 192, 193, 194, 195, 196, 197, 198, 202, 204, 205, 206, 208, 209, 211, 212, 216, 222, 223, 227, 229, 230, 231], "excluded_lines": [], "functions": {"AttackVector.to_dict": {"executed_lines": [], "summary": {"covered_lines": 0, "num_statements": 1, "percent_covered": 0.0, "percent_covered_display": "0", "missing_lines": 1, "excluded_lines": 0, "percent_statements_covered": 0.0, "percent_statements_covered_display": "0"}, "missing_lines": [27], "excluded_lines": [], "start_line": 26}, "default_generate_func": {"executed_lines": [], "summary": {"covered_lines": 0, "num_statements": 17, "percent_covered": 0.0, "percent_covered_display": "0", "missing_lines": 17, "excluded_lines": 0, "percent_statements_covered": 0.0, "percent_statements_covered_display": "0"}, "missing_lines": [42, 43, 45, 46, 53, 59, 60, 61, 63, 64, 65, 66, 67, 68, 69, 70, 71], "excluded_lines": [], "start_line": 40}, "VectorGenerator.__init__": {"executed_lines": [], "summary": {"covered_lines": 0, "num_statements": 4, "percent_covered": 0.0, "percent_covered_display": "0", "missing_lines": 4, "excluded_lines": 0, "percent_statements_covered": 0.0, "percent_statements_covered_display": "0"}, "missing_lines": [99, 100, 101, 102], "excluded_lines": [], "start_line": 94}, "VectorGenerator._next_id": {"executed_lines": [], "summary": {"covered_lines": 0, "num_statements": 3, "percent_covered": 0.0, "percent_covered_display": "0", "missing_lines": 3, "excluded_lines": 0, "percent_statements_covered": 0.0, "percent_statements_covered_display": "0"}, "missing_lines": [106, 107, 108], "excluded_lines": [], "start_line": 104}, "VectorGenerator.generate_from_source": {"executed_lines": [], "summary": {"covered_lines": 0, "num_statements": 22, "percent_covered": 0.0, "percent_covered_display": "0", "missing_lines": 22, "excluded_lines": 0, "percent_statements_covered": 0.0, "percent_statements_covered_display": "0"}, "missing_lines": [112, 118, 119, 120, 122, 124, 126, 127, 128, 129, 130, 133, 134, 135, 136, 137, 139, 146, 147, 149, 150, 152], "excluded_lines": [], "start_line": 110}, "VectorGenerator._extract_json": {"executed_lines": [], "summary": {"covered_lines": 0, "num_statements": 21, "percent_covered": 0.0, "percent_covered_display": "0", "missing_lines": 21, "excluded_lines": 0, "percent_statements_covered": 0.0, "percent_statements_covered_display": "0"}, "missing_lines": [156, 159, 165, 166, 167, 168, 169, 170, 171, 172, 173, 176, 177, 178, 179, 180, 181, 182, 183, 186, 187], "excluded_lines": [], "start_line": 154}, "VectorGenerator._normalize_vectors": {"executed_lines": [], "summary": {"covered_lines": 0, "num_statements": 8, "percent_covered": 0.0, "percent_covered_display": "0", "missing_lines": 8, "excluded_lines": 0, "percent_statements_covered": 0.0, "percent_statements_covered_display": "0"}, "missing_lines": [191, 192, 193, 194, 195, 196, 197, 198], "excluded_lines": [], "start_line": 189}, "VectorGenerator.generate_from_sources": {"executed_lines": [], "summary": {"covered_lines": 0, "num_statements": 8, "percent_covered": 0.0, "percent_covered_display": "0", "missing_lines": 8, "excluded_lines": 0, "percent_statements_covered": 0.0, "percent_statements_covered_display": "0"}, "missing_lines": [202, 204, 205, 206, 208, 209, 211, 212], "excluded_lines": [], "start_line": 200}, "VectorGenerator.save_vectors": {"executed_lines": [], "summary": {"covered_lines": 0, "num_statements": 3, "percent_covered": 0.0, "percent_covered_display": "0", "missing_lines": 3, "excluded_lines": 0, "percent_statements_covered": 0.0, "percent_statements_covered_display": "0"}, "missing_lines": [216, 222, 223], "excluded_lines": [], "start_line": 214}, "": {"executed_lines": [2, 4, 5, 6, 7, 8, 9, 11, 12, 13, 16, 17, 19, 20, 21, 22, 23, 24, 26, 37, 40, 74, 91, 94, 104, 110, 154, 189, 200, 214, 226], "summary": {"covered_lines": 31, "num_statements": 35, "percent_covered": 88.57142857142857, "percent_covered_display": "89", "missing_lines": 4, "excluded_lines": 0, "percent_statements_covered": 88.57142857142857, "percent_statements_covered_display": "89"}, "missing_lines": [227, 229, 230, 231], "excluded_lines": [], "start_line": 1}}, "classes": {"AttackVector": {"executed_lines": [], "summary": {"covered_lines": 0, "num_statements": 1, "percent_covered": 0.0, "percent_covered_display": "0", "missing_lines": 1, "excluded_lines": 0, "percent_statements_covered": 0.0, "percent_statements_covered_display": "0"}, "missing_lines": [27], "excluded_lines": [], "start_line": 17}, "VectorGenerator": {"executed_lines": [], "summary": {"covered_lines": 0, "num_statements": 69, "percent_covered": 0.0, "percent_covered_display": "0", "missing_lines": 69, "excluded_lines": 0, "percent_statements_covered": 0.0, "percent_statements_covered_display": "0"}, "missing_lines": [99, 100, 101, 102, 106, 107, 108, 112, 118, 119, 120, 122, 124, 126, 127, 128, 129, 130, 133, 134, 135, 136, 137, 139, 146, 147, 149, 150, 152, 156, 159, 165, 166, 167, 168, 169, 170, 171, 172, 173, 176, 177, 178, 179, 180, 181, 182, 183, 186, 187, 191, 192, 193, 194, 195, 196, 197, 198, 202, 204, 205, 206, 208, 209, 211, 212, 216, 222, 223], "excluded_lines": [], "start_line": 91}, "": {"executed_lines": [2, 4, 5, 6, 7, 8, 9, 11, 12, 13, 16, 17, 19, 20, 21, 22, 23, 24, 26, 37, 40, 74, 91, 94, 104, 110, 154, 189, 200, 214, 226], "summary": {"covered_lines": 31, "num_statements": 52, "percent_covered": 59.61538461538461, "percent_covered_display": "60", "missing_lines": 21, "excluded_lines": 0, "percent_statements_covered": 59.61538461538461, "percent_statements_covered_display": "60"}, "missing_lines": [42, 43, 45, 46, 53, 59, 60, 61, 63, 64, 65, 66, 67, 68, 69, 70, 71, 227, 229, 230, 231], "excluded_lines": [], "start_line": 1}}}, "psg/automation/logging_config.py": {"executed_lines": [2, 3, 4, 7, 9, 12, 15, 18, 19, 20, 21, 24, 34, 38], "summary": {"covered_lines": 14, "num_statements": 21, "percent_covered": 66.66666666666667, "percent_covered_display": "67", "missing_lines": 7, "excluded_lines": 0, "percent_statements_covered": 66.66666666666667, "percent_statements_covered_display": "67"}, "missing_lines": [13, 25, 26, 27, 28, 29, 32], "excluded_lines": [], "functions": {"setup_logging": {"executed_lines": [9, 12, 15, 18, 19, 20, 21, 24, 34], "summary": {"covered_lines": 9, "num_statements": 16, "percent_covered": 56.25, "percent_covered_display": "56", "missing_lines": 7, "excluded_lines": 0, "percent_statements_covered": 56.25, "percent_statements_covered_display": "56"}, "missing_lines": [13, 25, 26, 27, 28, 29, 32], "excluded_lines": [], "start_line": 7}, "": {"executed_lines": [2, 3, 4, 7, 38], "summary": {"covered_lines": 5, "num_statements": 5, "percent_covered": 100.0, "percent_covered_display": "100", "missing_lines": 0, "excluded_lines": 0, "percent_statements_covered": 100.0, "percent_statements_covered_display": "100"}, "missing_lines": [], "excluded_lines": [], "start_line": 1}}, "classes": {"": {"executed_lines": [2, 3, 4, 7, 9, 12, 15, 18, 19, 20, 21, 24, 34, 38], "summary": {"covered_lines": 14, "num_statements": 21, "percent_covered": 66.66666666666667, "percent_covered_display": "67", "missing_lines": 7, "excluded_lines": 0, "percent_statements_covered": 66.66666666666667, "percent_statements_covered_display": "67"}, "missing_lines": [13, 25, 26, 27, 28, 29, 32], "excluded_lines": [], "start_line": 1}}}, "psg/automation/main.py": {"executed_lines": [2, 4, 5, 6, 7, 8, 10, 11, 12, 13, 14, 15, 18, 21, 33, 45, 63, 80, 99, 143, 198], "summary": {"covered_lines": 21, "num_statements": 123, "percent_covered": 17.073170731707318, "percent_covered_display": "17", "missing_lines": 102, "excluded_lines": 0, "percent_statements_covered": 17.073170731707318, "percent_statements_covered_display": "17"}, "missing_lines": [27, 28, 29, 30, 31, 35, 36, 37, 39, 40, 41, 43, 47, 49, 50, 51, 53, 54, 56, 57, 58, 59, 61, 65, 67, 68, 69, 71, 72, 73, 74, 76, 77, 78, 87, 89, 90, 91, 94, 95, 97, 106, 107, 110, 111, 112, 114, 117, 118, 119, 121, 123, 124, 125, 128, 129, 131, 132, 133, 136, 138, 140, 145, 146, 147, 148, 149, 150, 151, 152, 154, 156, 157, 158, 160, 161, 163, 164, 165, 166, 167, 168, 170, 171, 172, 173, 174, 177, 178, 179, 180, 185, 186, 187, 188, 189, 190, 191, 192, 193, 195, 199], "excluded_lines": [], "functions": {"Pipeline.__init__": {"executed_lines": [], "summary": {"covered_lines": 0, "num_statements": 5, "percent_covered": 0.0, "percent_covered_display": "0", "missing_lines": 5, "excluded_lines": 0, "percent_statements_covered": 0.0, "percent_statements_covered_display": "0"}, "missing_lines": [27, 28, 29, 30, 31], "excluded_lines": [], "start_line": 21}, "Pipeline.run_discovery": {"executed_lines": [], "summary": {"covered_lines": 0, "num_statements": 7, "percent_covered": 0.0, "percent_covered_display": "0", "missing_lines": 7, "excluded_lines": 0, "percent_statements_covered": 0.0, "percent_statements_covered_display": "0"}, "missing_lines": [35, 36, 37, 39, 40, 41, 43], "excluded_lines": [], "start_line": 33}, "Pipeline.run_generation": {"executed_lines": [], "summary": {"covered_lines": 0, "num_statements": 11, "percent_covered": 0.0, "percent_covered_display": "0", "missing_lines": 11, "excluded_lines": 0, "percent_statements_covered": 0.0, "percent_statements_covered_display": "0"}, "missing_lines": [47, 49, 50, 51, 53, 54, 56, 57, 58, 59, 61], "excluded_lines": [], "start_line": 45}, "Pipeline.run_testing": {"executed_lines": [], "summary": {"covered_lines": 0, "num_statements": 11, "percent_covered": 0.0, "percent_covered_display": "0", "missing_lines": 11, "excluded_lines": 0, "percent_statements_covered": 0.0, "percent_statements_covered_display": "0"}, "missing_lines": [65, 67, 68, 69, 71, 72, 73, 74, 76, 77, 78], "excluded_lines": [], "start_line": 63}, "Pipeline.run_reporting": {"executed_lines": [], "summary": {"covered_lines": 0, "num_statements": 7, "percent_covered": 0.0, "percent_covered_display": "0", "missing_lines": 7, "excluded_lines": 0, "percent_statements_covered": 0.0, "percent_statements_covered_display": "0"}, "missing_lines": [87, 89, 90, 91, 94, 95, 97], "excluded_lines": [], "start_line": 80}, "Pipeline.run_full": {"executed_lines": [], "summary": {"covered_lines": 0, "num_statements": 21, "percent_covered": 0.0, "percent_covered_display": "0", "missing_lines": 21, "excluded_lines": 0, "percent_statements_covered": 0.0, "percent_statements_covered_display": "0"}, "missing_lines": [106, 107, 110, 111, 112, 114, 117, 118, 119, 121, 123, 124, 125, 128, 129, 131, 132, 133, 136, 138, 140], "excluded_lines": [], "start_line": 99}, "main": {"executed_lines": [], "summary": {"covered_lines": 0, "num_statements": 39, "percent_covered": 0.0, "percent_covered_display": "0", "missing_lines": 39, "excluded_lines": 0, "percent_statements_covered": 0.0, "percent_statements_covered_display": "0"}, "missing_lines": [145, 146, 147, 148, 149, 150, 151, 152, 154, 156, 157, 158, 160, 161, 163, 164, 165, 166, 167, 168, 170, 171, 172, 173, 174, 177, 178, 179, 180, 185, 186, 187, 188, 189, 190, 191, 192, 193, 195], "excluded_lines": [], "start_line": 143}, "": {"executed_lines": [2, 4, 5, 6, 7, 8, 10, 11, 12, 13, 14, 15, 18, 21, 33, 45, 63, 80, 99, 143, 198], "summary": {"covered_lines": 21, "num_statements": 22, "percent_covered": 95.45454545454545, "percent_covered_display": "95", "missing_lines": 1, "excluded_lines": 0, "percent_statements_covered": 95.45454545454545, "percent_statements_covered_display": "95"}, "missing_lines": [199], "excluded_lines": [], "start_line": 1}}, "classes": {"Pipeline": {"executed_lines": [], "summary": {"covered_lines": 0, "num_statements": 62, "percent_covered": 0.0, "percent_covered_display": "0", "missing_lines": 62, "excluded_lines": 0, "percent_statements_covered": 0.0, "percent_statements_covered_display": "0"}, "missing_lines": [27, 28, 29, 30, 31, 35, 36, 37, 39, 40, 41, 43, 47, 49, 50, 51, 53, 54, 56, 57, 58, 59, 61, 65, 67, 68, 69, 71, 72, 73, 74, 76, 77, 78, 87, 89, 90, 91, 94, 95, 97, 106, 107, 110, 111, 112, 114, 117, 118, 119, 121, 123, 124, 125, 128, 129, 131, 132, 133, 136, 138, 140], "excluded_lines": [], "start_line": 18}, "": {"executed_lines": [2, 4, 5, 6, 7, 8, 10, 11, 12, 13, 14, 15, 18, 21, 33, 45, 63, 80, 99, 143, 198], "summary": {"covered_lines": 21, "num_statements": 61, "percent_covered": 34.42622950819672, "percent_covered_display": "34", "missing_lines": 40, "excluded_lines": 0, "percent_statements_covered": 34.42622950819672, "percent_statements_covered_display": "34"}, "missing_lines": [145, 146, 147, 148, 149, 150, 151, 152, 154, 156, 157, 158, 160, 161, 163, 164, 165, 166, 167, 168, 170, 171, 172, 173, 174, 177, 178, 179, 180, 185, 186, 187, 188, 189, 190, 191, 192, 193, 195, 199], "excluded_lines": [], "start_line": 1}}}, "psg/automation/reporter.py": {"executed_lines": [2, 4, 5, 6, 7, 9, 10, 11, 12, 15, 16, 18, 19, 20, 21, 22, 23, 24, 25, 27, 40, 43, 46, 79, 122, 150, 159], "summary": {"covered_lines": 27, "num_statements": 71, "percent_covered": 38.028169014084504, "percent_covered_display": "38", "missing_lines": 44, "excluded_lines": 0, "percent_statements_covered": 38.028169014084504, "percent_statements_covered_display": "38"}, "missing_lines": [28, 44, 53, 54, 57, 60, 61, 62, 68, 81, 98, 99, 100, 102, 108, 109, 110, 112, 114, 120, 124, 125, 126, 127, 128, 130, 139, 140, 141, 142, 143, 145, 146, 148, 152, 153, 154, 155, 156, 160, 162, 163, 166, 177], "excluded_lines": [], "functions": {"PipelineReport.to_dict": {"executed_lines": [], "summary": {"covered_lines": 0, "num_statements": 1, "percent_covered": 0.0, "percent_covered_display": "0", "missing_lines": 1, "excluded_lines": 0, "percent_statements_covered": 0.0, "percent_statements_covered_display": "0"}, "missing_lines": [28], "excluded_lines": [], "start_line": 27}, "Reporter.__init__": {"executed_lines": [], "summary": {"covered_lines": 0, "num_statements": 1, "percent_covered": 0.0, "percent_covered_display": "0", "missing_lines": 1, "excluded_lines": 0, "percent_statements_covered": 0.0, "percent_statements_covered_display": "0"}, "missing_lines": [44], "excluded_lines": [], "start_line": 43}, "Reporter.create_report": {"executed_lines": [], "summary": {"covered_lines": 0, "num_statements": 7, "percent_covered": 0.0, "percent_covered_display": "0", "missing_lines": 7, "excluded_lines": 0, "percent_statements_covered": 0.0, "percent_statements_covered_display": "0"}, "missing_lines": [53, 54, 57, 60, 61, 62, 68], "excluded_lines": [], "start_line": 46}, "Reporter.generate_markdown": {"executed_lines": [], "summary": {"covered_lines": 0, "num_statements": 11, "percent_covered": 0.0, "percent_covered_display": "0", "missing_lines": 11, "excluded_lines": 0, "percent_statements_covered": 0.0, "percent_statements_covered_display": "0"}, "missing_lines": [81, 98, 99, 100, 102, 108, 109, 110, 112, 114, 120], "excluded_lines": [], "start_line": 79}, "Reporter.generate_discord_message": {"executed_lines": [], "summary": {"covered_lines": 0, "num_statements": 14, "percent_covered": 0.0, "percent_covered_display": "0", "missing_lines": 14, "excluded_lines": 0, "percent_statements_covered": 0.0, "percent_statements_covered_display": "0"}, "missing_lines": [124, 125, 126, 127, 128, 130, 139, 140, 141, 142, 143, 145, 146, 148], "excluded_lines": [], "start_line": 122}, "Reporter.save_report": {"executed_lines": [], "summary": {"covered_lines": 0, "num_statements": 5, "percent_covered": 0.0, "percent_covered_display": "0", "missing_lines": 5, "excluded_lines": 0, "percent_statements_covered": 0.0, "percent_statements_covered_display": "0"}, "missing_lines": [152, 153, 154, 155, 156], "excluded_lines": [], "start_line": 150}, "": {"executed_lines": [2, 4, 5, 6, 7, 9, 10, 11, 12, 15, 16, 18, 19, 20, 21, 22, 23, 24, 25, 27, 40, 43, 46, 79, 122, 150, 159], "summary": {"covered_lines": 27, "num_statements": 32, "percent_covered": 84.375, "percent_covered_display": "84", "missing_lines": 5, "excluded_lines": 0, "percent_statements_covered": 84.375, "percent_statements_covered_display": "84"}, "missing_lines": [160, 162, 163, 166, 177], "excluded_lines": [], "start_line": 1}}, "classes": {"PipelineReport": {"executed_lines": [], "summary": {"covered_lines": 0, "num_statements": 1, "percent_covered": 0.0, "percent_covered_display": "0", "missing_lines": 1, "excluded_lines": 0, "percent_statements_covered": 0.0, "percent_statements_covered_display": "0"}, "missing_lines": [28], "excluded_lines": [], "start_line": 16}, "Reporter": {"executed_lines": [], "summary": {"covered_lines": 0, "num_statements": 38, "percent_covered": 0.0, "percent_covered_display": "0", "missing_lines": 38, "excluded_lines": 0, "percent_statements_covered": 0.0, "percent_statements_covered_display": "0"}, "missing_lines": [44, 53, 54, 57, 60, 61, 62, 68, 81, 98, 99, 100, 102, 108, 109, 110, 112, 114, 120, 124, 125, 126, 127, 128, 130, 139, 140, 141, 142, 143, 145, 146, 148, 152, 153, 154, 155, 156], "excluded_lines": [], "start_line": 40}, "": {"executed_lines": [2, 4, 5, 6, 7, 9, 10, 11, 12, 15, 16, 18, 19, 20, 21, 22, 23, 24, 25, 27, 40, 43, 46, 79, 122, 150, 159], "summary": {"covered_lines": 27, "num_statements": 32, "percent_covered": 84.375, "percent_covered_display": "84", "missing_lines": 5, "excluded_lines": 0, "percent_statements_covered": 84.375, "percent_statements_covered_display": "84"}, "missing_lines": [160, 162, 163, 166, 177], "excluded_lines": [], "start_line": 1}}}, "psg/automation/tester.py": {"executed_lines": [2, 4, 5, 6, 7, 8, 9, 10, 11, 13, 16, 17, 19, 20, 21, 22, 23, 24, 25, 27, 39, 42, 46, 59, 81, 147, 173, 211], "summary": {"covered_lines": 28, "num_statements": 110, "percent_covered": 25.454545454545453, "percent_covered_display": "25", "missing_lines": 82, "excluded_lines": 0, "percent_statements_covered": 25.454545454545453, "percent_statements_covered_display": "25"}, "missing_lines": [28, 43, 44, 48, 49, 50, 55, 56, 57, 61, 62, 63, 67, 68, 69, 70, 71, 72, 73, 74, 75, 76, 77, 78, 79, 88, 89, 91, 93, 104, 105, 106, 113, 116, 117, 119, 120, 121, 122, 123, 124, 125, 126, 127, 128, 129, 130, 132, 141, 142, 143, 144, 145, 153, 154, 155, 157, 158, 160, 161, 162, 163, 165, 166, 167, 168, 169, 171, 179, 180, 197, 198, 199, 200, 203, 208, 212, 214, 215, 217, 218, 220], "excluded_lines": [], "functions": {"TestResult.to_dict": {"executed_lines": [], "summary": {"covered_lines": 0, "num_statements": 1, "percent_covered": 0.0, "percent_covered_display": "0", "missing_lines": 1, "excluded_lines": 0, "percent_statements_covered": 0.0, "percent_statements_covered_display": "0"}, "missing_lines": [28], "excluded_lines": [], "start_line": 27}, "TestRunner.__init__": {"executed_lines": [], "summary": {"covered_lines": 0, "num_statements": 2, "percent_covered": 0.0, "percent_covered_display": "0", "missing_lines": 2, "excluded_lines": 0, "percent_statements_covered": 0.0, "percent_statements_covered_display": "0"}, "missing_lines": [43, 44], "excluded_lines": [], "start_line": 42}, "TestRunner.check_ollama": {"executed_lines": [], "summary": {"covered_lines": 0, "num_statements": 6, "percent_covered": 0.0, "percent_covered_display": "0", "missing_lines": 6, "excluded_lines": 0, "percent_statements_covered": 0.0, "percent_statements_covered_display": "0"}, "missing_lines": [48, 49, 50, 55, 56, 57], "excluded_lines": [], "start_line": 46}, "TestRunner.get_available_models": {"executed_lines": [], "summary": {"covered_lines": 0, "num_statements": 16, "percent_covered": 0.0, "percent_covered_display": "0", "missing_lines": 16, "excluded_lines": 0, "percent_statements_covered": 0.0, "percent_statements_covered_display": "0"}, "missing_lines": [61, 62, 63, 67, 68, 69, 70, 71, 72, 73, 74, 75, 76, 77, 78, 79], "excluded_lines": [], "start_line": 59}, "TestRunner.run_test": {"executed_lines": [], "summary": {"covered_lines": 0, "num_statements": 28, "percent_covered": 0.0, "percent_covered_display": "0", "missing_lines": 28, "excluded_lines": 0, "percent_statements_covered": 0.0, "percent_statements_covered_display": "0"}, "missing_lines": [88, 89, 91, 93, 104, 105, 106, 113, 116, 117, 119, 120, 121, 122, 123, 124, 125, 126, 127, 128, 129, 130, 132, 141, 142, 143, 144, 145], "excluded_lines": [], "start_line": 81}, "TestRunner.run_all_tests": {"executed_lines": [], "summary": {"covered_lines": 0, "num_statements": 15, "percent_covered": 0.0, "percent_covered_display": "0", "missing_lines": 15, "excluded_lines": 0, "percent_statements_covered": 0.0, "percent_statements_covered_display": "0"}, "missing_lines": [153, 154, 155, 157, 158, 160, 161, 162, 163, 165, 166, 167, 168, 169, 171], "excluded_lines": [], "start_line": 147}, "TestRunner.run_in_tmux": {"executed_lines": [], "summary": {"covered_lines": 0, "num_statements": 8, "percent_covered": 0.0, "percent_covered_display": "0", "missing_lines": 8, "excluded_lines": 0, "percent_statements_covered": 0.0, "percent_statements_covered_display": "0"}, "missing_lines": [179, 180, 197, 198, 199, 200, 203, 208], "excluded_lines": [], "start_line": 173}, "": {"executed_lines": [2, 4, 5, 6, 7, 8, 9, 10, 11, 13, 16, 17, 19, 20, 21, 22, 23, 24, 25, 27, 39, 42, 46, 59, 81, 147, 173, 211], "summary": {"covered_lines": 28, "num_statements": 34, "percent_covered": 82.3529411764706, "percent_covered_display": "82", "missing_lines": 6, "excluded_lines": 0, "percent_statements_covered": 82.3529411764706, "percent_statements_covered_display": "82"}, "missing_lines": [212, 214, 215, 217, 218, 220], "excluded_lines": [], "start_line": 1}}, "classes": {"TestResult": {"executed_lines": [], "summary": {"covered_lines": 0, "num_statements": 1, "percent_covered": 0.0, "percent_covered_display": "0", "missing_lines": 1, "excluded_lines": 0, "percent_statements_covered": 0.0, "percent_statements_covered_display": "0"}, "missing_lines": [28], "excluded_lines": [], "start_line": 17}, "TestRunner": {"executed_lines": [], "summary": {"covered_lines": 0, "num_statements": 75, "percent_covered": 0.0, "percent_covered_display": "0", "missing_lines": 75, "excluded_lines": 0, "percent_statements_covered": 0.0, "percent_statements_covered_display": "0"}, "missing_lines": [43, 44, 48, 49, 50, 55, 56, 57, 61, 62, 63, 67, 68, 69, 70, 71, 72, 73, 74, 75, 76, 77, 78, 79, 88, 89, 91, 93, 104, 105, 106, 113, 116, 117, 119, 120, 121, 122, 123, 124, 125, 126, 127, 128, 129, 130, 132, 141, 142, 143, 144, 145, 153, 154, 155, 157, 158, 160, 161, 162, 163, 165, 166, 167, 168, 169, 171, 179, 180, 197, 198, 199, 200, 203, 208], "excluded_lines": [], "start_line": 39}, "": {"executed_lines": [2, 4, 5, 6, 7, 8, 9, 10, 11, 13, 16, 17, 19, 20, 21, 22, 23, 24, 25, 27, 39, 42, 46, 59, 81, 147, 173, 211], "summary": {"covered_lines": 28, "num_statements": 34, "percent_covered": 82.3529411764706, "percent_covered_display": "82", "missing_lines": 6, "excluded_lines": 0, "percent_statements_covered": 82.3529411764706, "percent_statements_covered_display": "82"}, "missing_lines": [212, 214, 215, 217, 218, 220], "excluded_lines": [], "start_line": 1}}}, "psg/automation/validation.py": {"executed_lines": [2, 3, 4, 5, 6, 8, 10, 11, 23, 24, 27, 30, 59, 68, 71, 72, 75, 79, 82, 83, 85, 86, 87, 89, 90, 91, 93, 94, 95, 97, 98, 99, 103, 109, 110, 111, 114, 120, 122, 130, 131, 132, 134, 137, 139, 140, 141, 145, 146, 147, 149, 150, 151, 154, 157], "summary": {"covered_lines": 55, "num_statements": 82, "percent_covered": 67.07317073170732, "percent_covered_display": "67", "missing_lines": 27, "excluded_lines": 0, "percent_statements_covered": 67.07317073170732, "percent_statements_covered_display": "67"}, "missing_lines": [42, 43, 45, 46, 48, 51, 53, 54, 56, 69, 76, 80, 84, 92, 96, 112, 116, 117, 133, 142, 143, 148, 152, 153, 167, 169, 171], "excluded_lines": [], "functions": {"validate_query": {"executed_lines": [], "summary": {"covered_lines": 0, "num_statements": 9, "percent_covered": 0.0, "percent_covered_display": "0", "missing_lines": 9, "excluded_lines": 0, "percent_statements_covered": 0.0, "percent_statements_covered_display": "0"}, "missing_lines": [42, 43, 45, 46, 48, 51, 53, 54, 56], "excluded_lines": [], "start_line": 30}, "validate_url": {"executed_lines": [68, 71, 72, 75, 79, 82, 83, 85, 86, 87, 89, 90, 91, 93, 94, 95, 97, 98, 99, 103, 109, 110, 111, 114], "summary": {"covered_lines": 24, "num_statements": 33, "percent_covered": 72.72727272727273, "percent_covered_display": "73", "missing_lines": 9, "excluded_lines": 0, "percent_statements_covered": 72.72727272727273, "percent_statements_covered_display": "73"}, "missing_lines": [69, 76, 80, 84, 92, 96, 112, 116, 117], "excluded_lines": [], "start_line": 59}, "_is_blocked_ip": {"executed_lines": [122, 130, 131, 132, 134], "summary": {"covered_lines": 5, "num_statements": 6, "percent_covered": 83.33333333333333, "percent_covered_display": "83", "missing_lines": 1, "excluded_lines": 0, "percent_statements_covered": 83.33333333333333, "percent_statements_covered_display": "83"}, "missing_lines": [133], "excluded_lines": [], "start_line": 120}, "_resolve_host_ips": {"executed_lines": [139, 140, 141, 145, 146, 147, 149, 150, 151, 154], "summary": {"covered_lines": 10, "num_statements": 15, "percent_covered": 66.66666666666667, "percent_covered_display": "67", "missing_lines": 5, "excluded_lines": 0, "percent_statements_covered": 66.66666666666667, "percent_statements_covered_display": "67"}, "missing_lines": [142, 143, 148, 152, 153], "excluded_lines": [], "start_line": 137}, "sanitize_filename": {"executed_lines": [], "summary": {"covered_lines": 0, "num_statements": 3, "percent_covered": 0.0, "percent_covered_display": "0", "missing_lines": 3, "excluded_lines": 0, "percent_statements_covered": 0.0, "percent_statements_covered_display": "0"}, "missing_lines": [167, 169, 171], "excluded_lines": [], "start_line": 157}, "": {"executed_lines": [2, 3, 4, 5, 6, 8, 10, 11, 23, 24, 27, 30, 59, 120, 137, 157], "summary": {"covered_lines": 16, "num_statements": 16, "percent_covered": 100.0, "percent_covered_display": "100", "missing_lines": 0, "excluded_lines": 0, "percent_statements_covered": 100.0, "percent_statements_covered_display": "100"}, "missing_lines": [], "excluded_lines": [], "start_line": 1}}, "classes": {"": {"executed_lines": [2, 3, 4, 5, 6, 8, 10, 11, 23, 24, 27, 30, 59, 68, 71, 72, 75, 79, 82, 83, 85, 86, 87, 89, 90, 91, 93, 94, 95, 97, 98, 99, 103, 109, 110, 111, 114, 120, 122, 130, 131, 132, 134, 137, 139, 140, 141, 145, 146, 147, 149, 150, 151, 154, 157], "summary": {"covered_lines": 55, "num_statements": 82, "percent_covered": 67.07317073170732, "percent_covered_display": "67", "missing_lines": 27, "excluded_lines": 0, "percent_statements_covered": 67.07317073170732, "percent_statements_covered_display": "67"}, "missing_lines": [42, 43, 45, 46, 48, 51, 53, 54, 56, 69, 76, 80, 84, 92, 96, 112, 116, 117, 133, 142, 143, 148, 152, 153, 167, 169, 171], "excluded_lines": [], "start_line": 1}}}, "psg/benchmark.py": {"executed_lines": [13, 15, 16, 17, 18, 19, 20, 22, 23, 24, 25, 29, 125, 126, 128, 129, 130, 131, 132, 133, 134, 135, 136, 137, 140, 143, 144, 145, 148, 149, 152, 155, 239, 240, 258, 259, 260, 261, 262, 263, 264, 265, 266, 267, 268, 269, 272, 273, 274, 276, 277, 278, 279, 280, 281, 282, 284, 285, 286, 344], "summary": {"covered_lines": 60, "num_statements": 122, "percent_covered": 49.18032786885246, "percent_covered_display": "49", "missing_lines": 62, "excluded_lines": 0, "percent_statements_covered": 49.18032786885246, "percent_statements_covered_display": "49"}, "missing_lines": [150, 168, 169, 171, 172, 173, 174, 176, 177, 178, 179, 180, 181, 183, 184, 185, 186, 187, 188, 189, 191, 206, 207, 208, 209, 210, 212, 214, 215, 216, 217, 219, 223, 225, 288, 289, 300, 301, 302, 303, 304, 305, 307, 308, 321, 323, 324, 325, 326, 327, 328, 329, 330, 331, 332, 334, 335, 336, 337, 339, 341, 345], "excluded_lines": [], "functions": {"find_catalog_path": {"executed_lines": [143, 144, 145, 148, 149, 152], "summary": {"covered_lines": 6, "num_statements": 7, "percent_covered": 85.71428571428571, "percent_covered_display": "86", "missing_lines": 1, "excluded_lines": 0, "percent_statements_covered": 85.71428571428571, "percent_statements_covered_display": "86"}, "missing_lines": [150], "excluded_lines": [], "start_line": 140}, "run_benchmark": {"executed_lines": [], "summary": {"covered_lines": 0, "num_statements": 33, "percent_covered": 0.0, "percent_covered_display": "0", "missing_lines": 33, "excluded_lines": 0, "percent_statements_covered": 0.0, "percent_statements_covered_display": "0"}, "missing_lines": [168, 169, 171, 172, 173, 174, 176, 177, 178, 179, 180, 181, 183, 184, 185, 186, 187, 188, 189, 191, 206, 207, 208, 209, 210, 212, 214, 215, 216, 217, 219, 223, 225], "excluded_lines": [], "start_line": 155}, "build_parser": {"executed_lines": [240, 258, 259, 260, 261, 262, 263, 264, 265, 266, 267, 268, 269], "summary": {"covered_lines": 13, "num_statements": 13, "percent_covered": 100.0, "percent_covered_display": "100", "missing_lines": 0, "excluded_lines": 0, "percent_statements_covered": 100.0, "percent_statements_covered_display": "100"}, "missing_lines": [], "excluded_lines": [], "start_line": 239}, "main": {"executed_lines": [273, 274, 276, 277, 278, 279, 280, 281, 282, 284, 285, 286], "summary": {"covered_lines": 12, "num_statements": 39, "percent_covered": 30.76923076923077, "percent_covered_display": "31", "missing_lines": 27, "excluded_lines": 0, "percent_statements_covered": 30.76923076923077, "percent_statements_covered_display": "31"}, "missing_lines": [288, 289, 300, 301, 302, 303, 304, 305, 307, 308, 321, 323, 324, 325, 326, 327, 328, 329, 330, 331, 332, 334, 335, 336, 337, 339, 341], "excluded_lines": [], "start_line": 272}, "": {"executed_lines": [13, 15, 16, 17, 18, 19, 20, 22, 23, 24, 25, 29, 125, 126, 128, 129, 130, 131, 132, 133, 134, 135, 136, 137, 140, 155, 239, 272, 344], "summary": {"covered_lines": 29, "num_statements": 30, "percent_covered": 96.66666666666667, "percent_covered_display": "97", "missing_lines": 1, "excluded_lines": 0, "percent_statements_covered": 96.66666666666667, "percent_statements_covered_display": "97"}, "missing_lines": [345], "excluded_lines": [], "start_line": 1}}, "classes": {"BenchmarkResult": {"executed_lines": [], "summary": {"covered_lines": 0, "num_statements": 0, "percent_covered": 100.0, "percent_covered_display": "100", "missing_lines": 0, "excluded_lines": 0, "percent_statements_covered": 100.0, "percent_statements_covered_display": "100"}, "missing_lines": [], "excluded_lines": [], "start_line": 126}, "": {"executed_lines": [13, 15, 16, 17, 18, 19, 20, 22, 23, 24, 25, 29, 125, 126, 128, 129, 130, 131, 132, 133, 134, 135, 136, 137, 140, 143, 144, 145, 148, 149, 152, 155, 239, 240, 258, 259, 260, 261, 262, 263, 264, 265, 266, 267, 268, 269, 272, 273, 274, 276, 277, 278, 279, 280, 281, 282, 284, 285, 286, 344], "summary": {"covered_lines": 60, "num_statements": 122, "percent_covered": 49.18032786885246, "percent_covered_display": "49", "missing_lines": 62, "excluded_lines": 0, "percent_statements_covered": 49.18032786885246, "percent_statements_covered_display": "49"}, "missing_lines": [150, 168, 169, 171, 172, 173, 174, 176, 177, 178, 179, 180, 181, 183, 184, 185, 186, 187, 188, 189, 191, 206, 207, 208, 209, 210, 212, 214, 215, 216, 217, 219, 223, 225, 288, 289, 300, 301, 302, 303, 304, 305, 307, 308, 321, 323, 324, 325, 326, 327, 328, 329, 330, 331, 332, 334, 335, 336, 337, 339, 341, 345], "excluded_lines": [], "start_line": 1}}}, "psg/catalog.py": {"executed_lines": [1, 3, 4, 5, 7, 10, 11, 14, 15, 17, 18, 20, 21, 22, 26, 30, 31, 32, 33, 34, 35, 38, 39, 40, 41, 43, 44, 45, 47, 50, 51, 52, 53, 54], "summary": {"covered_lines": 34, "num_statements": 40, "percent_covered": 85.0, "percent_covered_display": "85", "missing_lines": 6, "excluded_lines": 0, "percent_statements_covered": 85.0, "percent_statements_covered_display": "85"}, "missing_lines": [23, 24, 28, 36, 42, 55], "excluded_lines": [], "functions": {"load_catalog": {"executed_lines": [11, 14, 15, 17, 18, 20, 21, 22, 26, 30, 31, 32, 33, 34, 35, 38, 39, 40, 41, 43, 44, 45, 47], "summary": {"covered_lines": 23, "num_statements": 28, "percent_covered": 82.14285714285714, "percent_covered_display": "82", "missing_lines": 5, "excluded_lines": 0, "percent_statements_covered": 82.14285714285714, "percent_statements_covered_display": "82"}, "missing_lines": [23, 24, 28, 36, 42], "excluded_lines": [], "start_line": 10}, "_extract_prompt": {"executed_lines": [51, 52, 53, 54], "summary": {"covered_lines": 4, "num_statements": 5, "percent_covered": 80.0, "percent_covered_display": "80", "missing_lines": 1, "excluded_lines": 0, "percent_statements_covered": 80.0, "percent_statements_covered_display": "80"}, "missing_lines": [55], "excluded_lines": [], "start_line": 50}, "": {"executed_lines": [1, 3, 4, 5, 7, 10, 50], "summary": {"covered_lines": 7, "num_statements": 7, "percent_covered": 100.0, "percent_covered_display": "100", "missing_lines": 0, "excluded_lines": 0, "percent_statements_covered": 100.0, "percent_statements_covered_display": "100"}, "missing_lines": [], "excluded_lines": [], "start_line": 1}}, "classes": {"": {"executed_lines": [1, 3, 4, 5, 7, 10, 11, 14, 15, 17, 18, 20, 21, 22, 26, 30, 31, 32, 33, 34, 35, 38, 39, 40, 41, 43, 44, 45, 47, 50, 51, 52, 53, 54], "summary": {"covered_lines": 34, "num_statements": 40, "percent_covered": 85.0, "percent_covered_display": "85", "missing_lines": 6, "excluded_lines": 0, "percent_statements_covered": 85.0, "percent_statements_covered_display": "85"}, "missing_lines": [23, 24, 28, 36, 42, 55], "excluded_lines": [], "start_line": 1}}}, "psg/catalog_validator.py": {"executed_lines": [1, 3, 4, 5, 6, 7, 9, 10, 11, 14, 15, 18, 19, 22, 23, 24, 25, 26, 27, 32, 33, 34, 36, 37, 47, 48, 49, 57, 58, 60, 61, 63, 67, 68, 69, 71, 72, 73, 74, 75, 76, 78, 79, 80, 82, 91, 97, 103, 152], "summary": {"covered_lines": 49, "num_statements": 98, "percent_covered": 50.0, "percent_covered_display": "50", "missing_lines": 49, "excluded_lines": 0, "percent_statements_covered": 50.0, "percent_statements_covered_display": "50"}, "missing_lines": [20, 29, 38, 39, 64, 65, 92, 93, 94, 98, 99, 100, 104, 105, 107, 108, 109, 111, 112, 113, 114, 116, 117, 118, 119, 121, 122, 123, 124, 125, 126, 128, 129, 131, 132, 133, 134, 136, 137, 139, 140, 142, 143, 144, 145, 146, 147, 149, 153], "excluded_lines": [], "functions": {"_is_non_empty_string": {"executed_lines": [15], "summary": {"covered_lines": 1, "num_statements": 1, "percent_covered": 100.0, "percent_covered_display": "100", "missing_lines": 0, "excluded_lines": 0, "percent_statements_covered": 100.0, "percent_statements_covered_display": "100"}, "missing_lines": [], "excluded_lines": [], "start_line": 14}, "_extract_items": {"executed_lines": [19, 22, 23, 24, 25, 26, 27], "summary": {"covered_lines": 7, "num_statements": 9, "percent_covered": 77.77777777777777, "percent_covered_display": "78", "missing_lines": 2, "excluded_lines": 0, "percent_statements_covered": 77.77777777777777, "percent_statements_covered_display": "78"}, "missing_lines": [20, 29], "excluded_lines": [], "start_line": 18}, "validate_catalog_file": {"executed_lines": [33, 34, 36, 37, 47, 48, 49, 57, 58, 60, 61, 63, 67, 68, 69, 71, 72, 73, 74, 75, 76, 78, 79, 80, 82], "summary": {"covered_lines": 25, "num_statements": 29, "percent_covered": 86.20689655172414, "percent_covered_display": "86", "missing_lines": 4, "excluded_lines": 0, "percent_statements_covered": 86.20689655172414, "percent_statements_covered_display": "86"}, "missing_lines": [38, 39, 64, 65], "excluded_lines": [], "start_line": 32}, "_iter_json_files": {"executed_lines": [], "summary": {"covered_lines": 0, "num_statements": 3, "percent_covered": 0.0, "percent_covered_display": "0", "missing_lines": 3, "excluded_lines": 0, "percent_statements_covered": 0.0, "percent_statements_covered_display": "0"}, "missing_lines": [92, 93, 94], "excluded_lines": [], "start_line": 91}, "build_parser": {"executed_lines": [], "summary": {"covered_lines": 0, "num_statements": 3, "percent_covered": 0.0, "percent_covered_display": "0", "missing_lines": 3, "excluded_lines": 0, "percent_statements_covered": 0.0, "percent_statements_covered_display": "0"}, "missing_lines": [98, 99, 100], "excluded_lines": [], "start_line": 97}, "main": {"executed_lines": [], "summary": {"covered_lines": 0, "num_statements": 36, "percent_covered": 0.0, "percent_covered_display": "0", "missing_lines": 36, "excluded_lines": 0, "percent_statements_covered": 0.0, "percent_statements_covered_display": "0"}, "missing_lines": [104, 105, 107, 108, 109, 111, 112, 113, 114, 116, 117, 118, 119, 121, 122, 123, 124, 125, 126, 128, 129, 131, 132, 133, 134, 136, 137, 139, 140, 142, 143, 144, 145, 146, 147, 149], "excluded_lines": [], "start_line": 103}, "": {"executed_lines": [1, 3, 4, 5, 6, 7, 9, 10, 11, 14, 18, 32, 91, 97, 103, 152], "summary": {"covered_lines": 16, "num_statements": 17, "percent_covered": 94.11764705882354, "percent_covered_display": "94", "missing_lines": 1, "excluded_lines": 0, "percent_statements_covered": 94.11764705882354, "percent_statements_covered_display": "94"}, "missing_lines": [153], "excluded_lines": [], "start_line": 1}}, "classes": {"": {"executed_lines": [1, 3, 4, 5, 6, 7, 9, 10, 11, 14, 15, 18, 19, 22, 23, 24, 25, 26, 27, 32, 33, 34, 36, 37, 47, 48, 49, 57, 58, 60, 61, 63, 67, 68, 69, 71, 72, 73, 74, 75, 76, 78, 79, 80, 82, 91, 97, 103, 152], "summary": {"covered_lines": 49, "num_statements": 98, "percent_covered": 50.0, "percent_covered_display": "50", "missing_lines": 49, "excluded_lines": 0, "percent_statements_covered": 50.0, "percent_statements_covered_display": "50"}, "missing_lines": [20, 29, 38, 39, 64, 65, 92, 93, 94, 98, 99, 100, 104, 105, 107, 108, 109, 111, 112, 113, 114, 116, 117, 118, 119, 121, 122, 123, 124, 125, 126, 128, 129, 131, 132, 133, 134, 136, 137, 139, 140, 142, 143, 144, 145, 146, 147, 149, 153], "excluded_lines": [], "start_line": 1}}}, "psg/checkpoint.py": {"executed_lines": [1, 3, 4, 5, 8, 11, 15, 19], "summary": {"covered_lines": 8, "num_statements": 25, "percent_covered": 32.0, "percent_covered_display": "32", "missing_lines": 17, "excluded_lines": 0, "percent_statements_covered": 32.0, "percent_statements_covered_display": "32"}, "missing_lines": [12, 13, 16, 17, 20, 21, 22, 23, 24, 25, 26, 27, 28, 29, 30, 31, 32], "excluded_lines": [], "functions": {"JSONLCheckpoint.__init__": {"executed_lines": [], "summary": {"covered_lines": 0, "num_statements": 2, "percent_covered": 0.0, "percent_covered_display": "0", "missing_lines": 2, "excluded_lines": 0, "percent_statements_covered": 0.0, "percent_statements_covered_display": "0"}, "missing_lines": [12, 13], "excluded_lines": [], "start_line": 11}, "JSONLCheckpoint.append": {"executed_lines": [], "summary": {"covered_lines": 0, "num_statements": 2, "percent_covered": 0.0, "percent_covered_display": "0", "missing_lines": 2, "excluded_lines": 0, "percent_statements_covered": 0.0, "percent_statements_covered_display": "0"}, "missing_lines": [16, 17], "excluded_lines": [], "start_line": 15}, "JSONLCheckpoint.load_all": {"executed_lines": [], "summary": {"covered_lines": 0, "num_statements": 13, "percent_covered": 0.0, "percent_covered_display": "0", "missing_lines": 13, "excluded_lines": 0, "percent_statements_covered": 0.0, "percent_statements_covered_display": "0"}, "missing_lines": [20, 21, 22, 23, 24, 25, 26, 27, 28, 29, 30, 31, 32], "excluded_lines": [], "start_line": 19}, "": {"executed_lines": [1, 3, 4, 5, 8, 11, 15, 19], "summary": {"covered_lines": 8, "num_statements": 8, "percent_covered": 100.0, "percent_covered_display": "100", "missing_lines": 0, "excluded_lines": 0, "percent_statements_covered": 100.0, "percent_statements_covered_display": "100"}, "missing_lines": [], "excluded_lines": [], "start_line": 1}}, "classes": {"JSONLCheckpoint": {"executed_lines": [], "summary": {"covered_lines": 0, "num_statements": 17, "percent_covered": 0.0, "percent_covered_display": "0", "missing_lines": 17, "excluded_lines": 0, "percent_statements_covered": 0.0, "percent_statements_covered_display": "0"}, "missing_lines": [12, 13, 16, 17, 20, 21, 22, 23, 24, 25, 26, 27, 28, 29, 30, 31, 32], "excluded_lines": [], "start_line": 8}, "": {"executed_lines": [1, 3, 4, 5, 8, 11, 15, 19], "summary": {"covered_lines": 8, "num_statements": 8, "percent_covered": 100.0, "percent_covered_display": "100", "missing_lines": 0, "excluded_lines": 0, "percent_statements_covered": 100.0, "percent_statements_covered_display": "100"}, "missing_lines": [], "excluded_lines": [], "start_line": 1}}}, "psg/cli.py": {"executed_lines": [1, 3, 4, 5, 6, 8, 9, 10, 11, 14, 15, 16, 17, 18, 24, 25, 26, 27, 28, 29, 30, 31, 32, 33, 34, 35, 36, 37, 38, 39, 40, 45, 54, 62, 69, 75, 81, 87, 93, 99, 105, 112, 115, 116, 118, 119, 121, 124, 125, 126, 127, 129, 130, 132, 133, 134, 135, 136, 137, 138, 139, 140, 142, 143, 144, 146, 149, 152, 153, 154, 157, 158, 159, 160, 161, 162, 163, 165, 193, 194, 195, 196, 197, 200, 242, 243, 244, 245, 246, 247, 248, 249, 258, 272, 273, 274, 276, 280, 283], "summary": {"covered_lines": 99, "num_statements": 136, "percent_covered": 72.79411764705883, "percent_covered_display": "73", "missing_lines": 37, "excluded_lines": 0, "percent_statements_covered": 72.79411764705883, "percent_statements_covered_display": "73"}, "missing_lines": [117, 120, 147, 201, 202, 204, 205, 209, 210, 211, 212, 213, 214, 215, 222, 223, 224, 225, 228, 229, 230, 231, 239, 240, 250, 251, 252, 253, 254, 255, 259, 260, 261, 268, 269, 270, 284], "excluded_lines": [], "functions": {"add_scan_arguments": {"executed_lines": [15, 16, 17, 18, 24, 25, 26, 27, 28, 29, 30, 31, 32, 33, 34, 35, 36, 37, 38, 39, 40, 45, 54, 62, 69, 75, 81, 87, 93, 99, 105, 112], "summary": {"covered_lines": 32, "num_statements": 32, "percent_covered": 100.0, "percent_covered_display": "100", "missing_lines": 0, "excluded_lines": 0, "percent_statements_covered": 100.0, "percent_statements_covered_display": "100"}, "missing_lines": [], "excluded_lines": [], "start_line": 14}, "_resolve_system_prompt": {"executed_lines": [116, 118, 119, 121], "summary": {"covered_lines": 4, "num_statements": 6, "percent_covered": 66.66666666666667, "percent_covered_display": "67", "missing_lines": 2, "excluded_lines": 0, "percent_statements_covered": 66.66666666666667, "percent_statements_covered_display": "67"}, "missing_lines": [117, 120], "excluded_lines": [], "start_line": 115}, "_validate_file_path": {"executed_lines": [125, 126, 127, 129, 130, 132, 133, 134, 135, 136, 137, 138, 139, 140, 142, 143, 144, 146, 149], "summary": {"covered_lines": 19, "num_statements": 20, "percent_covered": 95.0, "percent_covered_display": "95", "missing_lines": 1, "excluded_lines": 0, "percent_statements_covered": 95.0, "percent_statements_covered_display": "95"}, "missing_lines": [147], "excluded_lines": [], "start_line": 124}, "build_parser": {"executed_lines": [153, 154], "summary": {"covered_lines": 2, "num_statements": 2, "percent_covered": 100.0, "percent_covered_display": "100", "missing_lines": 0, "excluded_lines": 0, "percent_statements_covered": 100.0, "percent_statements_covered_display": "100"}, "missing_lines": [], "excluded_lines": [], "start_line": 152}, "main": {"executed_lines": [158, 159, 160, 161, 162, 163, 165, 193, 194, 195, 196, 197, 200, 242, 243, 244, 245, 246, 247, 248, 249, 258, 272, 273, 274, 276, 280], "summary": {"covered_lines": 27, "num_statements": 60, "percent_covered": 45.0, "percent_covered_display": "45", "missing_lines": 33, "excluded_lines": 0, "percent_statements_covered": 45.0, "percent_statements_covered_display": "45"}, "missing_lines": [201, 202, 204, 205, 209, 210, 211, 212, 213, 214, 215, 222, 223, 224, 225, 228, 229, 230, 231, 239, 240, 250, 251, 252, 253, 254, 255, 259, 260, 261, 268, 269, 270], "excluded_lines": [], "start_line": 157}, "": {"executed_lines": [1, 3, 4, 5, 6, 8, 9, 10, 11, 14, 115, 124, 152, 157, 283], "summary": {"covered_lines": 15, "num_statements": 16, "percent_covered": 93.75, "percent_covered_display": "94", "missing_lines": 1, "excluded_lines": 0, "percent_statements_covered": 93.75, "percent_statements_covered_display": "94"}, "missing_lines": [284], "excluded_lines": [], "start_line": 1}}, "classes": {"": {"executed_lines": [1, 3, 4, 5, 6, 8, 9, 10, 11, 14, 15, 16, 17, 18, 24, 25, 26, 27, 28, 29, 30, 31, 32, 33, 34, 35, 36, 37, 38, 39, 40, 45, 54, 62, 69, 75, 81, 87, 93, 99, 105, 112, 115, 116, 118, 119, 121, 124, 125, 126, 127, 129, 130, 132, 133, 134, 135, 136, 137, 138, 139, 140, 142, 143, 144, 146, 149, 152, 153, 154, 157, 158, 159, 160, 161, 162, 163, 165, 193, 194, 195, 196, 197, 200, 242, 243, 244, 245, 246, 247, 248, 249, 258, 272, 273, 274, 276, 280, 283], "summary": {"covered_lines": 99, "num_statements": 136, "percent_covered": 72.79411764705883, "percent_covered_display": "73", "missing_lines": 37, "excluded_lines": 0, "percent_statements_covered": 72.79411764705883, "percent_statements_covered_display": "73"}, "missing_lines": [117, 120, 147, 201, 202, 204, 205, 209, 210, 211, 212, 213, 214, 215, 222, 223, 224, 225, 228, 229, 230, 231, 239, 240, 250, 251, 252, 253, 254, 255, 259, 260, 261, 268, 269, 270, 284], "excluded_lines": [], "start_line": 1}}}, "psg/config.py": {"executed_lines": [1, 3, 4, 6, 7, 10, 11, 14, 15, 18, 19, 22, 27, 28, 34, 36, 38, 40, 42, 45, 46, 48, 50, 53, 56, 59, 60, 61, 64, 70, 71], "summary": {"covered_lines": 31, "num_statements": 43, "percent_covered": 72.09302325581395, "percent_covered_display": "72", "missing_lines": 12, "excluded_lines": 0, "percent_statements_covered": 72.09302325581395, "percent_statements_covered_display": "72"}, "missing_lines": [16, 20, 35, 37, 39, 41, 43, 49, 51, 54, 62, 65], "excluded_lines": [], "functions": {"validate_config": {"executed_lines": [15, 18, 19, 22, 27, 28, 34, 36, 38, 40, 42, 45, 46, 48, 50, 53, 56], "summary": {"covered_lines": 17, "num_statements": 27, "percent_covered": 62.96296296296296, "percent_covered_display": "63", "missing_lines": 10, "excluded_lines": 0, "percent_statements_covered": 62.96296296296296, "percent_statements_covered_display": "63"}, "missing_lines": [16, 20, 35, 37, 39, 41, 43, 49, 51, 54], "excluded_lines": [], "start_line": 14}, "_validate_endpoint_url": {"executed_lines": [60, 61, 64, 70, 71], "summary": {"covered_lines": 5, "num_statements": 7, "percent_covered": 71.42857142857143, "percent_covered_display": "71", "missing_lines": 2, "excluded_lines": 0, "percent_statements_covered": 71.42857142857143, "percent_statements_covered_display": "71"}, "missing_lines": [62, 65], "excluded_lines": [], "start_line": 59}, "": {"executed_lines": [1, 3, 4, 6, 7, 10, 11, 14, 59], "summary": {"covered_lines": 9, "num_statements": 9, "percent_covered": 100.0, "percent_covered_display": "100", "missing_lines": 0, "excluded_lines": 0, "percent_statements_covered": 100.0, "percent_statements_covered_display": "100"}, "missing_lines": [], "excluded_lines": [], "start_line": 1}}, "classes": {"ConfigError": {"executed_lines": [], "summary": {"covered_lines": 0, "num_statements": 0, "percent_covered": 100.0, "percent_covered_display": "100", "missing_lines": 0, "excluded_lines": 0, "percent_statements_covered": 100.0, "percent_statements_covered_display": "100"}, "missing_lines": [], "excluded_lines": [], "start_line": 10}, "": {"executed_lines": [1, 3, 4, 6, 7, 10, 11, 14, 15, 18, 19, 22, 27, 28, 34, 36, 38, 40, 42, 45, 46, 48, 50, 53, 56, 59, 60, 61, 64, 70, 71], "summary": {"covered_lines": 31, "num_statements": 43, "percent_covered": 72.09302325581395, "percent_covered_display": "72", "missing_lines": 12, "excluded_lines": 0, "percent_statements_covered": 72.09302325581395, "percent_statements_covered_display": "72"}, "missing_lines": [16, 20, 35, 37, 39, 41, 43, 49, 51, 54, 62, 65], "excluded_lines": [], "start_line": 1}}}, "psg/defend.py": {"executed_lines": [10, 12, 13, 14, 15, 17, 26, 28, 31, 35, 40, 44, 50, 56, 62, 67, 74, 78, 82, 88, 93, 99, 103, 108, 113, 117, 121, 127, 131, 138, 142, 147, 151, 156, 161, 166, 172, 175, 249, 330, 412, 461, 531, 558], "summary": {"covered_lines": 44, "num_statements": 265, "percent_covered": 16.60377358490566, "percent_covered_display": "17", "missing_lines": 221, "excluded_lines": 0, "percent_statements_covered": 16.60377358490566, "percent_statements_covered_display": "17"}, "missing_lines": [178, 179, 180, 181, 182, 183, 185, 186, 188, 189, 191, 192, 198, 205, 207, 208, 212, 219, 221, 223, 224, 226, 227, 228, 230, 231, 232, 233, 234, 235, 236, 237, 238, 239, 240, 241, 242, 243, 244, 246, 251, 252, 253, 254, 256, 259, 260, 261, 264, 265, 266, 267, 268, 270, 271, 272, 273, 274, 276, 279, 284, 285, 287, 288, 290, 291, 292, 293, 300, 301, 302, 303, 311, 312, 319, 320, 321, 322, 323, 325, 327, 332, 334, 335, 336, 337, 339, 341, 346, 347, 348, 350, 352, 353, 354, 356, 358, 359, 360, 362, 363, 365, 373, 374, 376, 386, 387, 388, 389, 390, 392, 394, 395, 396, 397, 398, 399, 400, 401, 403, 404, 405, 406, 407, 409, 414, 415, 416, 419, 420, 421, 422, 423, 425, 426, 427, 428, 429, 430, 431, 432, 433, 435, 436, 437, 439, 446, 447, 448, 449, 451, 452, 453, 454, 455, 456, 458, 463, 469, 471, 472, 473, 475, 477, 478, 479, 480, 481, 482, 483, 484, 485, 486, 488, 490, 492, 494, 495, 497, 498, 499, 500, 501, 502, 503, 504, 507, 508, 511, 512, 513, 515, 516, 518, 519, 520, 521, 523, 524, 525, 526, 528, 533, 536, 537, 539, 540, 541, 543, 544, 545, 546, 547, 548, 549, 550, 551, 552, 554, 555, 559], "excluded_lines": [], "functions": {"add_defend_arguments": {"executed_lines": [28, 31, 35, 40, 44, 50, 56, 62, 67, 74, 78, 82, 88, 93, 99, 103, 108, 113, 117, 121, 127, 131, 138, 142, 147, 151, 156, 161, 166, 172], "summary": {"covered_lines": 30, "num_statements": 30, "percent_covered": 100.0, "percent_covered_display": "100", "missing_lines": 0, "excluded_lines": 0, "percent_statements_covered": 100.0, "percent_statements_covered_display": "100"}, "missing_lines": [], "excluded_lines": [], "start_line": 26}, "cmd_validate": {"executed_lines": [], "summary": {"covered_lines": 0, "num_statements": 40, "percent_covered": 0.0, "percent_covered_display": "0", "missing_lines": 40, "excluded_lines": 0, "percent_statements_covered": 0.0, "percent_statements_covered_display": "0"}, "missing_lines": [178, 179, 180, 181, 182, 183, 185, 186, 188, 189, 191, 192, 198, 205, 207, 208, 212, 219, 221, 223, 224, 226, 227, 228, 230, 231, 232, 233, 234, 235, 236, 237, 238, 239, 240, 241, 242, 243, 244, 246], "excluded_lines": [], "start_line": 175}, "cmd_check": {"executed_lines": [], "summary": {"covered_lines": 0, "num_statements": 41, "percent_covered": 0.0, "percent_covered_display": "0", "missing_lines": 41, "excluded_lines": 0, "percent_statements_covered": 0.0, "percent_statements_covered_display": "0"}, "missing_lines": [251, 252, 253, 254, 256, 259, 260, 261, 264, 265, 266, 267, 268, 270, 271, 272, 273, 274, 276, 279, 284, 285, 287, 288, 290, 291, 292, 293, 300, 301, 302, 303, 311, 312, 319, 320, 321, 322, 323, 325, 327], "excluded_lines": [], "start_line": 249}, "cmd_benchmark": {"executed_lines": [], "summary": {"covered_lines": 0, "num_statements": 44, "percent_covered": 0.0, "percent_covered_display": "0", "missing_lines": 44, "excluded_lines": 0, "percent_statements_covered": 0.0, "percent_statements_covered_display": "0"}, "missing_lines": [332, 334, 335, 336, 337, 339, 341, 346,
[...]
2, 184, 185, 187, 190, 191, 198, 199, 202, 204, 219], "summary": {"covered_lines": 15, "num_statements": 18, "percent_covered": 83.33333333333333, "percent_covered_display": "83", "missing_lines": 3, "excluded_lines": 0, "percent_statements_covered": 83.33333333333333, "percent_statements_covered_display": "83"}, "missing_lines": [188, 215, 216], "excluded_lines": [], "start_line": 164}, "get_wildguard_classifier": {"executed_lines": [], "summary": {"covered_lines": 0, "num_statements": 3, "percent_covered": 0.0, "percent_covered_display": "0", "missing_lines": 3, "excluded_lines": 0, "percent_statements_covered": 0.0, "percent_statements_covered_display": "0"}, "missing_lines": [229, 230, 231], "excluded_lines": [], "start_line": 226}, "classify_with_wildguard": {"executed_lines": [], "summary": {"covered_lines": 0, "num_statements": 1, "percent_covered": 0.0, "percent_covered_display": "0", "missing_lines": 1, "excluded_lines": 0, "percent_statements_covered": 0.0, "percent_statements_covered_display": "0"}, "missing_lines": [236], "excluded_lines": [], "start_line": 234}, "": {"executed_lines": [16, 17, 18, 21, 22, 24, 25, 26, 28, 30, 31, 32, 34, 35, 38, 46, 53, 79, 93, 104, 164, 223, 226, 234], "summary": {"covered_lines": 24, "num_statements": 24, "percent_covered": 100.0, "percent_covered_display": "100", "missing_lines": 0, "excluded_lines": 0, "percent_statements_covered": 100.0, "percent_statements_covered_display": "100"}, "missing_lines": [], "excluded_lines": [], "start_line": 1}}, "classes": {"WildGuardResult": {"executed_lines": [], "summary": {"covered_lines": 0, "num_statements": 0, "percent_covered": 100.0, "percent_covered_display": "100", "missing_lines": 0, "excluded_lines": 0, "percent_statements_covered": 100.0, "percent_statements_covered_display": "100"}, "missing_lines": [], "excluded_lines": [], "start_line": 22}, "WildGuardClassifier": {"executed_lines": [47, 48, 49, 50, 51, 55, 57, 59, 60, 61, 63, 65, 74, 75, 76, 77, 82, 95, 98, 99, 100, 102, 111, 118, 121, 122, 125, 128, 131, 134, 140, 141, 144, 147, 150, 152, 176, 177, 180, 181, 182, 184, 185, 187, 190, 191, 198, 199, 202, 204, 219], "summary": {"covered_lines": 51, "num_statements": 62, "percent_covered": 82.25806451612904, "percent_covered_display": "82", "missing_lines": 11, "excluded_lines": 0, "percent_statements_covered": 82.25806451612904, "percent_statements_covered_display": "82"}, "missing_lines": [56, 66, 72, 132, 133, 136, 137, 148, 188, 215, 216], "excluded_lines": [], "start_line": 38}, "": {"executed_lines": [16, 17, 18, 21, 22, 24, 25, 26, 28, 30, 31, 32, 34, 35, 38, 46, 53, 79, 93, 104, 164, 223, 226, 234], "summary": {"covered_lines": 24, "num_statements": 28, "percent_covered": 85.71428571428571, "percent_covered_display": "86", "missing_lines": 4, "excluded_lines": 0, "percent_statements_covered": 85.71428571428571, "percent_statements_covered_display": "86"}, "missing_lines": [229, 230, 231, 236], "excluded_lines": [], "start_line": 1}}}, "psg/serve.py": {"executed_lines": [13, 15, 16, 17, 18, 19, 21, 22, 23, 24, 33, 36, 37, 39, 40, 41, 42, 46, 47, 48, 51, 52, 53, 54, 55, 56, 57, 60, 61, 62, 65, 66, 67, 68, 69, 72, 73, 74, 77, 78, 79, 80, 81, 85, 93, 95, 96, 97, 98, 101, 103, 108, 109, 115, 116, 118, 120, 121, 123, 125, 126, 127, 129, 132, 133, 134, 137, 139, 148, 149, 151, 153, 154, 155, 157, 158, 159, 160, 161, 163, 166, 175, 178, 179, 180, 181, 183, 190, 191, 193, 198, 205, 208, 239, 279], "summary": {"covered_lines": 95, "num_statements": 130, "percent_covered": 73.07692307692308, "percent_covered_display": "73", "missing_lines": 35, "excluded_lines": 0, "percent_statements_covered": 73.07692307692308, "percent_statements_covered_display": "73"}, "missing_lines": [25, 26, 28, 29, 30, 31, 104, 135, 164, 210, 214, 219, 225, 231, 236, 241, 242, 243, 244, 246, 247, 248, 249, 250, 251, 253, 254, 256, 262, 263, 264, 267, 269, 276, 280], "excluded_lines": [], "functions": {"reset_metrics": {"executed_lines": [95, 96, 97, 98], "summary": {"covered_lines": 4, "num_statements": 4, "percent_covered": 100.0, "percent_covered_display": "100", "missing_lines": 0, "excluded_lines": 0, "percent_statements_covered": 100.0, "percent_statements_covered_display": "100"}, "missing_lines": [], "excluded_lines": [], "start_line": 93}, "create_app": {"executed_lines": [103, 108, 109, 115, 116, 120, 121, 148, 149, 190, 191, 205], "summary": {"covered_lines": 12, "num_statements": 13, "percent_covered": 92.3076923076923, "percent_covered_display": "92", "missing_lines": 1, "excluded_lines": 0, "percent_statements_covered": 92.3076923076923, "percent_statements_covered_display": "92"}, "missing_lines": [104], "excluded_lines": [], "start_line": 101}, "create_app.health": {"executed_lines": [118], "summary": {"covered_lines": 1, "num_statements": 1, "percent_covered": 100.0, "percent_covered_display": "100", "missing_lines": 0, "excluded_lines": 0, "percent_statements_covered": 100.0, "percent_statements_covered_display": "100"}, "missing_lines": [], "excluded_lines": [], "start_line": 116}, "create_app.screen": {"executed_lines": [123, 125, 126, 127, 129, 132, 133, 134, 137, 139], "summary": {"covered_lines": 10, "num_statements": 11, "percent_covered": 90.9090909090909, "percent_covered_display": "91", "missing_lines": 1, "excluded_lines": 0, "percent_statements_covered": 90.9090909090909, "percent_statements_covered_display": "91"}, "missing_lines": [135], "excluded_lines": [], "start_line": 121}, "create_app.screen_bulk": {"executed_lines": [151, 153, 154, 155, 157, 158, 159, 160, 161, 163, 166, 175, 178, 179, 180, 181, 183], "summary": {"covered_lines": 17, "num_statements": 18, "percent_covered": 94.44444444444444, "percent_covered_display": "94", "missing_lines": 1, "excluded_lines": 0, "percent_statements_covered": 94.44444444444444, "percent_statements_covered_display": "94"}, "missing_lines": [164], "excluded_lines": [], "start_line": 149}, "create_app.metrics": {"executed_lines": [193, 198], "summary": {"covered_lines": 2, "num_statements": 2, "percent_covered": 100.0, "percent_covered_display": "100", "missing_lines": 0, "excluded_lines": 0, "percent_statements_covered": 100.0, "percent_statements_covered_display": "100"}, "missing_lines": [], "excluded_lines": [], "start_line": 191}, "build_parser": {"executed_lines": [], "summary": {"covered_lines": 0, "num_statements": 6, "percent_covered": 0.0, "percent_covered_display": "0", "missing_lines": 6, "excluded_lines": 0, "percent_statements_covered": 0.0, "percent_statements_covered_display": "0"}, "missing_lines": [210, 214, 219, 225, 231, 236], "excluded_lines": [], "start_line": 208}, "main": {"executed_lines": [], "summary": {"covered_lines": 0, "num_statements": 19, "percent_covered": 0.0, "percent_covered_display": "0", "missing_lines": 19, "excluded_lines": 0, "percent_statements_covered": 0.0, "percent_statements_covered_display": "0"}, "missing_lines": [241, 242, 243, 244, 246, 247, 248, 249, 250, 251, 253, 254, 256, 262, 263, 264, 267, 269, 276], "excluded_lines": [], "start_line": 239}, "": {"executed_lines": [13, 15, 16, 17, 18, 19, 21, 22, 23, 24, 33, 36, 37, 39, 40, 41, 42, 46, 47, 48, 51, 52, 53, 54, 55, 56, 57, 60, 61, 62, 65, 66, 67, 68, 69, 72, 73, 74, 77, 78, 79, 80, 81, 85, 93, 101, 208, 239, 279], "summary": {"covered_lines": 49, "num_statements": 56, "percent_covered": 87.5, "percent_covered_display": "88", "missing_lines": 7, "excluded_lines": 0, "percent_statements_covered": 87.5, "percent_statements_covered_display": "88"}, "missing_lines": [25, 26, 28, 29, 30, 31, 280], "excluded_lines": [], "start_line": 1}}, "classes": {"ServerConfig": {"executed_lines": [], "summary": {"covered_lines": 0, "num_statements": 0, "percent_covered": 100.0, "percent_covered_display": "100", "missing_lines": 0, "excluded_lines": 0, "percent_statements_covered": 100.0, "percent_statements_covered_display": "100"}, "missing_lines": [], "excluded_lines": [], "start_line": 37}, "ScreenRequest": {"executed_lines": [], "summary": {"covered_lines": 0, "num_statements": 0, "percent_covered": 100.0, "percent_covered_display": "100", "missing_lines": 0, "excluded_lines": 0, "percent_statements_covered": 100.0, "percent_statements_covered_display": "100"}, "missing_lines": [], "excluded_lines": [], "start_line": 46}, "ScreenResponse": {"executed_lines": [], "summary": {"covered_lines": 0, "num_statements": 0, "percent_covered": 100.0, "percent_covered_display": "100", "missing_lines": 0, "excluded_lines": 0, "percent_statements_covered": 100.0, "percent_statements_covered_display": "100"}, "missing_lines": [], "excluded_lines": [], "start_line": 51}, "BulkScreenRequest": {"executed_lines": [], "summary": {"covered_lines": 0, "num_statements": 0, "percent_covered": 100.0, "percent_covered_display": "100", "missing_lines": 0, "excluded_lines": 0, "percent_statements_covered": 100.0, "percent_statements_covered_display": "100"}, "missing_lines": [], "excluded_lines": [], "start_line": 60}, "BulkScreenResponse": {"executed_lines": [], "summary": {"covered_lines": 0, "num_statements": 0, "percent_covered": 100.0, "percent_covered_display": "100", "missing_lines": 0, "excluded_lines": 0, "percent_statements_covered": 100.0, "percent_statements_covered_display": "100"}, "missing_lines": [], "excluded_lines": [], "start_line": 65}, "HealthResponse": {"executed_lines": [], "summary": {"covered_lines": 0, "num_statements": 0, "percent_covered": 100.0, "percent_covered_display": "100", "missing_lines": 0, "excluded_lines": 0, "percent_statements_covered": 100.0, "percent_statements_covered_display": "100"}, "missing_lines": [], "excluded_lines": [], "start_line": 72}, "MetricsResponse": {"executed_lines": [], "summary": {"covered_lines": 0, "num_statements": 0, "percent_covered": 100.0, "percent_covered_display": "100", "missing_lines": 0, "excluded_lines": 0, "percent_statements_covered": 100.0, "percent_statements_covered_display": "100"}, "missing_lines": [], "excluded_lines": [], "start_line": 77}, "": {"executed_lines": [13, 15, 16, 17, 18, 19, 21, 22, 23, 24, 33, 36, 37, 39, 40, 41, 42, 46, 47, 48, 51, 52, 53, 54, 55, 56, 57, 60, 61, 62, 65, 66, 67, 68, 69, 72, 73, 74, 77, 78, 79, 80, 81, 85, 93, 95, 96, 97, 98, 101, 103, 108, 109, 115, 116, 118, 120, 121, 123, 125, 126, 127, 129, 132, 133, 134, 137, 139, 148, 149, 151, 153, 154, 155, 157, 158, 159, 160, 161, 163, 166, 175, 178, 179, 180, 181, 183, 190, 191, 193, 198, 205, 208, 239, 279], "summary": {"covered_lines": 95, "num_statements": 130, "percent_covered": 73.07692307692308, "percent_covered_display": "73", "missing_lines": 35, "excluded_lines": 0, "percent_statements_covered": 73.07692307692308, "percent_statements_covered_display": "73"}, "missing_lines": [25, 26, 28, 29, 30, 31, 104, 135, 164, 210, 214, 219, 225, 231, 236, 241, 242, 243, 244, 246, 247, 248, 249, 250, 251, 253, 254, 256, 262, 263, 264, 267, 269, 276, 280], "excluded_lines": [], "start_line": 1}}}, "psg/validation/__init__.py": {"executed_lines": [1, 3], "summary": {"covered_lines": 2, "num_statements": 2, "percent_covered": 100.0, "percent_covered_display": "100", "missing_lines": 0, "excluded_lines": 0, "percent_statements_covered": 100.0, "percent_statements_covered_display": "100"}, "missing_lines": [], "excluded_lines": [], "functions": {"": {"executed_lines": [1, 3], "summary": {"covered_lines": 2, "num_statements": 2, "percent_covered": 100.0, "percent_covered_display": "100", "missing_lines": 0, "excluded_lines": 0, "percent_statements_covered": 100.0, "percent_statements_covered_display": "100"}, "missing_lines": [], "excluded_lines": [], "start_line": 1}}, "classes": {"": {"executed_lines": [1, 3], "summary": {"covered_lines": 2, "num_statements": 2, "percent_covered": 100.0, "percent_covered_display": "100", "missing_lines": 0, "excluded_lines": 0, "percent_statements_covered": 100.0, "percent_statements_covered_display": "100"}, "missing_lines": [], "excluded_lines": [], "start_line": 1}}}, "psg/validation/online.py": {"executed_lines": [1, 3, 4, 5, 6, 7, 8, 10, 12, 13, 14, 15, 16, 28, 29, 30, 31, 32, 33, 34, 36, 37, 38, 39, 40, 41, 42, 43, 44, 45, 48, 49, 52, 59, 60, 63, 64, 70, 71, 72, 73, 75, 76, 82, 83, 84, 87, 93, 96, 97, 98, 99, 101, 102, 103, 104, 109, 110, 111, 114, 115, 116, 117, 118, 121, 122, 123, 127, 128, 130, 131, 134, 135, 136, 137, 138, 140, 141, 142, 143, 144, 146, 151, 152, 153, 154, 155, 156, 157, 158, 159, 162, 163, 164, 165, 166, 169, 170, 171, 175, 176, 177, 178, 180, 181, 182, 185, 188, 189, 197, 198, 201, 202, 204, 205, 207, 208, 209, 210, 211, 212], "summary": {"covered_lines": 121, "num_statements": 133, "percent_covered": 90.97744360902256, "percent_covered_display": "91", "missing_lines": 12, "excluded_lines": 0, "percent_statements_covered": 90.97744360902256, "percent_statements_covered_display": "91"}, "missing_lines": [124, 125, 132, 145, 148, 172, 173, 179, 183, 184, 203, 206], "excluded_lines": [], "functions": {"_TokenBucketRateLimiter.__init__": {"executed_lines": [30, 31, 32, 33, 34], "summary": {"covered_lines": 5, "num_statements": 5, "percent_covered": 100.0, "percent_covered_display": "100", "missing_lines": 0, "excluded_lines": 0, "percent_statements_covered": 100.0, "percent_statements_covered_display": "100"}, "missing_lines": [], "excluded_lines": [], "start_line": 29}, "_TokenBucketRateLimiter.allow": {"executed_lines": [37, 38, 39, 40, 41, 42, 43, 44, 45], "summary": {"covered_lines": 9, "num_statements": 9, "percent_covered": 100.0, "percent_covered_display": "100", "missing_lines": 0, "excluded_lines": 0, "percent_statements_covered": 100.0, "percent_statements_covered_display": "100"}, "missing_lines": [], "excluded_lines": [], "start_line": 36}, "validate_url": {"executed_lines": [59, 60], "summary": {"covered_lines": 2, "num_statements": 2, "percent_covered": 100.0, "percent_covered_display": "100", "missing_lines": 0, "excluded_lines": 0, "percent_statements_covered": 100.0, "percent_statements_covered_display": "100"}, "missing_lines": [], "excluded_lines": [], "start_line": 52}, "_validate_url_cached": {"executed_lines": [70, 71, 72, 73, 75, 76, 82, 83, 84], "summary": {"covered_lines": 9, "num_statements": 9, "percent_covered": 100.0, "percent_covered_display": "100", "missing_lines": 0, "excluded_lines": 0, "percent_statements_covered": 100.0, "percent_statements_covered_display": "100"}, "missing_lines": [], "excluded_lines": [], "start_line": 64}, "validate_doi": {"executed_lines": [93], "summary": {"covered_lines": 1, "num_statements": 1, "percent_covered": 100.0, "percent_covered_display": "100", "missing_lines": 0, "excluded_lines": 0, "percent_statements_covered": 100.0, "percent_statements_covered_display": "100"}, "missing_lines": [], "excluded_lines": [], "start_line": 87}, "_validate_doi_cached": {"executed_lines": [98, 99, 101, 102, 103, 104, 109, 110, 111], "summary": {"covered_lines": 9, "num_statements": 9, "percent_covered": 100.0, "percent_covered_display": "100", "missing_lines": 0, "excluded_lines": 0, "percent_statements_covered": 100.0, "percent_statements_covered_display": "100"}, "missing_lines": [], "excluded_lines": [], "start_line": 97}, "clear_validation_cache": {"executed_lines": [115, 116, 117, 118], "summary": {"covered_lines": 4, "num_statements": 4, "percent_covered": 100.0, "percent_covered_display": "100", "missing_lines": 0, "excluded_lines": 0, "percent_statements_covered": 100.0, "percent_statements_covered_display": "100"}, "missing_lines": [], "excluded_lines": [], "start_line": 114}, "_is_safe_url": {"executed_lines": [122, 123, 127, 128, 130, 131, 134, 135, 136, 137, 138, 140, 141, 142, 143, 144, 146], "summary": {"covered_lines": 17, "num_statements": 22, "percent_covered": 77.27272727272727, "percent_covered_display": "77", "missing_lines": 5, "excluded_lines": 0, "percent_statements_covered": 77.27272727272727, "percent_statements_covered_display": "77"}, "missing_lines": [124, 125, 132, 145, 148], "excluded_lines": [], "start_line": 121}, "_normalize_allowlist": {"executed_lines": [152, 153, 154, 155, 156, 157, 158, 159], "summary": {"covered_lines": 8, "num_statements": 8, "percent_covered": 100.0, "percent_covered_display": "100", "missing_lines": 0, "excluded_lines": 0, "percent_statements_covered": 100.0, "percent_statements_covered_display": "100"}, "missing_lines": [], "excluded_lines": [], "start_line": 151}, "_host_in_allowlist": {"executed_lines": [163, 164, 165, 166], "summary": {"covered_lines": 4, "num_statements": 4, "percent_covered": 100.0, "percent_covered_display": "100", "missing_lines": 0, "excluded_lines": 0, "percent_statements_covered": 100.0, "percent_statements_covered_display": "100"}, "missing_lines": [], "excluded_lines": [], "start_line": 162}, "_resolve_host_ips": {"executed_lines": [170, 171, 175, 176, 177, 178, 180, 181, 182, 185], "summary": {"covered_lines": 10, "num_statements": 15, "percent_covered": 66.66666666666667, "percent_covered_display": "67", "missing_lines": 5, "excluded_lines": 0, "percent_statements_covered": 66.66666666666667, "percent_statements_covered_display": "67"}, "missing_lines": [172, 173, 179, 183, 184], "excluded_lines": [], "start_line": 169}, "_is_blocked_ip": {"executed_lines": [189, 197, 198], "summary": {"covered_lines": 3, "num_statements": 3, "percent_covered": 100.0, "percent_covered_display": "100", "missing_lines": 0, "excluded_lines": 0, "percent_statements_covered": 100.0, "percent_statements_covered_display": "100"}, "missing_lines": [], "excluded_lines": [], "start_line": 188}, "_allow_request": {"executed_lines": [202, 204, 205, 207, 208, 209, 210, 211, 212], "summary": {"covered_lines": 9, "num_statements": 11, "percent_covered": 81.81818181818181, "percent_covered_display": "82", "missing_lines": 2, "excluded_lines": 0, "percent_statements_covered": 81.81818181818181, "percent_statements_covered_display": "82"}, "missing_lines": [203, 206], "excluded_lines": [], "start_line": 201}, "": {"executed_lines": [1, 3, 4, 5, 6, 7, 8, 10, 12, 13, 14, 15, 16, 28, 29, 36, 48, 49, 52, 63, 64, 87, 96, 97, 114, 121, 151, 162, 169, 188, 201], "summary": {"covered_lines": 31, "num_statements": 31, "percent_covered": 100.0, "percent_covered_display": "100", "missing_lines": 0, "excluded_lines": 0, "percent_statements_covered": 100.0, "percent_statements_covered_display": "100"}, "missing_lines": [], "excluded_lines": [], "start_line": 1}}, "classes": {"_TokenBucketRateLimiter": {"executed_lines": [30, 31, 32, 33, 34, 37, 38, 39, 40, 41, 42, 43, 44, 45], "summary": {"covered_lines": 14, "num_statements": 14, "percent_covered": 100.0, "percent_covered_display": "100", "missing_lines": 0, "excluded_lines": 0, "percent_statements_covered": 100.0, "percent_statements_covered_display": "100"}, "missing_lines": [], "excluded_lines": [], "start_line": 28}, "": {"executed_lines": [1, 3, 4, 5, 6, 7, 8, 10, 12, 13, 14, 15, 16, 28, 29, 36, 48, 49, 52, 59, 60, 63, 64, 70, 71, 72, 73, 75, 76, 82, 83, 84, 87, 93, 96, 97, 98, 99, 101, 102, 103, 104, 109, 110, 111, 114, 115, 116, 117, 118, 121, 122, 123, 127, 128, 130, 131, 134, 135, 136, 137, 138, 140, 141, 142, 143, 144, 146, 151, 152, 153, 154, 155, 156, 157, 158, 159, 162, 163, 164, 165, 166, 169, 170, 171, 175, 176, 177, 178, 180, 181, 182, 185, 188, 189, 197, 198, 201, 202, 204, 205, 207, 208, 209, 210, 211, 212], "summary": {"covered_lines": 107, "num_statements": 119, "percent_covered": 89.91596638655462, "percent_covered_display": "90", "missing_lines": 12, "excluded_lines": 0, "percent_statements_covered": 89.91596638655462, "percent_statements_covered_display": "90"}, "missing_lines": [124, 125, 132, 145, 148, 172, 173, 179, 183, 184, 203, 206], "excluded_lines": [], "start_line": 1}}}}, "totals": {"covered_lines": 2517, "num_statements": 3871, "percent_covered": 65.02195815034875, "percent_covered_display": "65", "missing_lines": 1354, "excluded_lines": 19, "percent_statements_covered": 65.02195815034875, "percent_statements_covered_display": "65"}}